


ARM Macro Assembler    Page 1 


    1 00000000         ; gpio.s
    2 00000000         ; Desenvolvido para a placa EK-TM4C1294XL
    3 00000000         ; Prof. Guilherme Peron
    4 00000000         ; Ver 1 19/03/2018
    5 00000000         ; Ver 2 26/08/2018
    6 00000000         
    7 00000000         ; ------------------------------------------------------
                       -------------------------
    8 00000000                 THUMB                        ; Instruções do tip
                                                            o Thumb-2
    9 00000000         ; ------------------------------------------------------
                       -------------------------
   10 00000000         ; Declarações EQU - Defines
   11 00000000         ; ========================
   12 00000000         ; ========================
   13 00000000         ; Definições dos Registradores Gerais
   14 00000000 400FE608 
                       SYSCTL_RCGCGPIO_R
                               EQU              0x400FE608
   15 00000000 400FEA08 
                       SYSCTL_PRGPIO_R
                               EQU              0x400FEA08
   16 00000000         ; ========================
   17 00000000         ; Definições dos Ports
   18 00000000         ; PORT A 
   19 00000000 40058520 
                       GPIO_PORTA_AHB_LOCK_R
                               EQU              0x40058520
   20 00000000 40058524 
                       GPIO_PORTA_AHB_CR_R
                               EQU              0x40058524
   21 00000000 40058528 
                       GPIO_PORTA_AHB_AMSEL_R
                               EQU              0x40058528
   22 00000000 4005852C 
                       GPIO_PORTA_AHB_PCTL_R
                               EQU              0x4005852C
   23 00000000 40058400 
                       GPIO_PORTA_AHB_DIR_R
                               EQU              0x40058400
   24 00000000 40058420 
                       GPIO_PORTA_AHB_AFSEL_R
                               EQU              0x40058420
   25 00000000 4005851C 
                       GPIO_PORTA_AHB_DEN_R
                               EQU              0x4005851C
   26 00000000 40058510 
                       GPIO_PORTA_AHB_PUR_R
                               EQU              0x40058510
   27 00000000 400583FC 
                       GPIO_PORTA_AHB_DATA_R
                               EQU              0x400583FC
   28 00000000 00000001 
                       GPIO_PORTA
                               EQU              2_000000000000001
   29 00000000         ; PORT B 
   30 00000000 40059520 
                       GPIO_PORTB_AHB_LOCK_R
                               EQU              0x40059520



ARM Macro Assembler    Page 2 


   31 00000000 40059524 
                       GPIO_PORTB_AHB_CR_R
                               EQU              0x40059524
   32 00000000 40059528 
                       GPIO_PORTB_AHB_AMSEL_R
                               EQU              0x40059528
   33 00000000 4005952C 
                       GPIO_PORTB_AHB_PCTL_R
                               EQU              0x4005952C
   34 00000000 40059400 
                       GPIO_PORTB_AHB_DIR_R
                               EQU              0x40059400
   35 00000000 40059420 
                       GPIO_PORTB_AHB_AFSEL_R
                               EQU              0x40059420
   36 00000000 4005951C 
                       GPIO_PORTB_AHB_DEN_R
                               EQU              0x4005951C
   37 00000000 40059510 
                       GPIO_PORTB_AHB_PUR_R
                               EQU              0x40059510
   38 00000000 400593FC 
                       GPIO_PORTB_AHB_DATA_R
                               EQU              0x400593FC
   39 00000000 00000002 
                       GPIO_PORTB
                               EQU              2_000000000000010
   40 00000000         ; PORT J
   41 00000000 40060520 
                       GPIO_PORTJ_AHB_LOCK_R
                               EQU              0x40060520
   42 00000000 40060524 
                       GPIO_PORTJ_AHB_CR_R
                               EQU              0x40060524
   43 00000000 40060528 
                       GPIO_PORTJ_AHB_AMSEL_R
                               EQU              0x40060528
   44 00000000 4006052C 
                       GPIO_PORTJ_AHB_PCTL_R
                               EQU              0x4006052C
   45 00000000 40060400 
                       GPIO_PORTJ_AHB_DIR_R
                               EQU              0x40060400
   46 00000000 40060420 
                       GPIO_PORTJ_AHB_AFSEL_R
                               EQU              0x40060420
   47 00000000 4006051C 
                       GPIO_PORTJ_AHB_DEN_R
                               EQU              0x4006051C
   48 00000000 40060510 
                       GPIO_PORTJ_AHB_PUR_R
                               EQU              0x40060510
   49 00000000 400603FC 
                       GPIO_PORTJ_AHB_DATA_R
                               EQU              0x400603FC
   50 00000000 00000100 
                       GPIO_PORTJ
                               EQU              2_000000100000000
   51 00000000         ; PORT N



ARM Macro Assembler    Page 3 


   52 00000000 40064520 
                       GPIO_PORTN_AHB_LOCK_R
                               EQU              0x40064520
   53 00000000 40064524 
                       GPIO_PORTN_AHB_CR_R
                               EQU              0x40064524
   54 00000000 40064528 
                       GPIO_PORTN_AHB_AMSEL_R
                               EQU              0x40064528
   55 00000000 4006452C 
                       GPIO_PORTN_AHB_PCTL_R
                               EQU              0x4006452C
   56 00000000 40064400 
                       GPIO_PORTN_AHB_DIR_R
                               EQU              0x40064400
   57 00000000 40064420 
                       GPIO_PORTN_AHB_AFSEL_R
                               EQU              0x40064420
   58 00000000 4006451C 
                       GPIO_PORTN_AHB_DEN_R
                               EQU              0x4006451C
   59 00000000 40064510 
                       GPIO_PORTN_AHB_PUR_R
                               EQU              0x40064510
   60 00000000 400643FC 
                       GPIO_PORTN_AHB_DATA_R
                               EQU              0x400643FC
   61 00000000 00001000 
                       GPIO_PORTN
                               EQU              2_001000000000000
   62 00000000         ; PORT P 
   63 00000000 40065520 
                       GPIO_PORTP_LOCK_R
                               EQU              0x40065520
   64 00000000 40065524 
                       GPIO_PORTP_CR_R
                               EQU              0x40065524
   65 00000000 40065528 
                       GPIO_PORTP_AMSEL_R
                               EQU              0x40065528
   66 00000000 4006552C 
                       GPIO_PORTP_PCTL_R
                               EQU              0x4006552C
   67 00000000 40065400 
                       GPIO_PORTP_DIR_R
                               EQU              0x40065400
   68 00000000 40065420 
                       GPIO_PORTP_AFSEL_R
                               EQU              0x40065420
   69 00000000 4006551C 
                       GPIO_PORTP_DEN_R
                               EQU              0x4006551C
   70 00000000 40065510 
                       GPIO_PORTP_PUR_R
                               EQU              0x40065510
   71 00000000 400653FC 
                       GPIO_PORTP_DATA_R
                               EQU              0x400653FC
   72 00000000 00002000 



ARM Macro Assembler    Page 4 


                       GPIO_PORTP
                               EQU              2_010000000000000
   73 00000000         ; PORT Q
   74 00000000 40066520 
                       GPIO_PORTQ_LOCK_R
                               EQU              0x40066520
   75 00000000 40066524 
                       GPIO_PORTQ_CR_R
                               EQU              0x40066524
   76 00000000 40066528 
                       GPIO_PORTQ_AMSEL_R
                               EQU              0x40066528
   77 00000000 4006652C 
                       GPIO_PORTQ_PCTL_R
                               EQU              0x4006652C
   78 00000000 40066400 
                       GPIO_PORTQ_DIR_R
                               EQU              0x40066400
   79 00000000 40066420 
                       GPIO_PORTQ_AFSEL_R
                               EQU              0x40066420
   80 00000000 4006651C 
                       GPIO_PORTQ_DEN_R
                               EQU              0x4006651C
   81 00000000 40066510 
                       GPIO_PORTQ_PUR_R
                               EQU              0x40066510
   82 00000000 400663FC 
                       GPIO_PORTQ_DATA_R
                               EQU              0x400663FC
   83 00000000 00004000 
                       GPIO_PORTQ
                               EQU              2_100000000000000
   84 00000000         
   85 00000000         
   86 00000000         ; ------------------------------------------------------
                       -------------------------
   87 00000000         ; Área de Código - Tudo abaixo da diretiva a seguir será
                        armazenado na memória de 
   88 00000000         ;                  código
   89 00000000                 AREA             |.text|, CODE, READONLY, ALIGN=
2
   90 00000000         
   91 00000000         ; Se alguma função do arquivo for chamada em outro arqui
                       vo 
   92 00000000                 EXPORT           GPIO_Init   ; Permite chamar GP
                                                            IO_Init de outro ar
                                                            quivo
   93 00000000                 EXPORT           PortA_Output ; Permite chamar P
                                                            ortJ_Input de outro
                                                             arquivo
   94 00000000                 EXPORT           PortB_Output ; Permite chamar P
                                                            ortJ_Input de outro
                                                             arquivo 
   95 00000000                 EXPORT           PortJ_Input ; Permite chamar Po
                                                            rtJ_Input de outro 
                                                            arquivo
   96 00000000                 EXPORT           PortP_Output ; Permite chamar P
                                                            ortJ_Input de outro



ARM Macro Assembler    Page 5 


                                                             arquivo 
   97 00000000                 EXPORT           PortQ_Output ; Permite chamar P
                                                            ortJ_Input de outro
                                                             arquivo 
   98 00000000                 IMPORT           SysTick_Wait1ms
   99 00000000         
  100 00000000         ;-------------------------------------------------------
                       -------------------------
  101 00000000         ; Função GPIO_Init
  102 00000000         ; Parâmetro de entrada: Não tem
  103 00000000         ; Parâmetro de saída: Não tem
  104 00000000         GPIO_Init
  105 00000000         ;=====================
  106 00000000 4846            LDR              R0, =SYSCTL_RCGCGPIO_R ;Carrega
                                                             o endereço do regi
                                                            strador RCGCGPIO
  107 00000002 F04F 0101       MOV              R1, #GPIO_PORTA ;Seta o bit da 
                                                            porta A
  108 00000006 F041 0102       ORR              R1, #GPIO_PORTB ;Seta o bit da 
                                                            porta B, fazendo co
                                                            m OR
  109 0000000A F441 7180       ORR              R1, #GPIO_PORTJ ;Seta o bit da 
                                                            porta J, fazendo co
                                                            m OR
  110 0000000E F441 5100       ORR              R1, #GPIO_PORTP ;Seta o bit da 
                                                            porta P, fazendo co
                                                            m OR
  111 00000012 F441 4180       ORR              R1, #GPIO_PORTQ ;Seta o bit da 
                                                            porta Q, fazendo co
                                                            m OR
  112 00000016 6001            STR              R1, [R0]    ;Move para a memóri
                                                            a os bits das porta
                                                            s no endereço do RC
                                                            GCGPIO
  113 00000018         
  114 00000018 4841            LDR              R0, =SYSCTL_PRGPIO_R ;Carrega o
                                                             endereço do PRGPIO
                                                             para esperar os GP
                                                            IO ficarem prontos
  115 0000001A 6801    EsperaGPIO
                               LDR              R1, [R0]    ;Lê da memória o co
                                                            nteúdo do endereço 
                                                            do registrador
  116 0000001C F04F 0201       MOV              R2, #GPIO_PORTA ;Seta os bits c
                                                            orrespondentes às p
                                                            ortas para fazer a 
                                                            comparação
  117 00000020 F042 0202       ORR              R2, #GPIO_PORTB ;Seta o bit da 
                                                            porta B, fazendo co
                                                            m OR
  118 00000024 F442 7280       ORR              R2, #GPIO_PORTJ ;Seta o bit da 
                                                            porta J, fazendo co
                                                            m OR
  119 00000028 F442 5200       ORR              R2, #GPIO_PORTP ;Seta o bit da 
                                                            porta P, fazendo co
                                                            m OR
  120 0000002C F442 4280       ORR              R2, #GPIO_PORTQ ;Seta o bit da 
                                                            porta Q, fazendo co
                                                            m OR



ARM Macro Assembler    Page 6 


  121 00000030 4211            TST              R1, R2      ;ANDS de R1 com R2
  122 00000032 D0F2            BEQ              EsperaGPIO  ;Se o flag Z=1, vol
                                                            ta para o laço. Sen
                                                            ão continua executa
                                                            ndo
  123 00000034         
  124 00000034         ; 2. Limpar o AMSEL para desabilitar a analógica
  125 00000034 F04F 0100       MOV              R1, #0x00   ;Colocar 0 no regis
                                                            trador para desabil
                                                            itar a função analó
                                                            gica
  126 00000038 483A            LDR              R0, =GPIO_PORTA_AHB_AMSEL_R ;Ca
                                                            rrega o R0 com o en
                                                            dereço do AMSEL par
                                                            a a porta A
  127 0000003A 6001            STR              R1, [R0]    ;Guarda no registra
                                                            dor AMSEL da porta 
                                                            A da memória
  128 0000003C 483A            LDR              R0, =GPIO_PORTB_AHB_AMSEL_R ;Ca
                                                            rrega o R0 com o en
                                                            dereço do AMSEL par
                                                            a a porta B
  129 0000003E 6001            STR              R1, [R0]    ;Guarda no registra
                                                            dor AMSEL da porta 
                                                            B da memória
  130 00000040 483A            LDR              R0, =GPIO_PORTJ_AHB_AMSEL_R ;Ca
                                                            rrega o R0 com o en
                                                            dereço do AMSEL par
                                                            a a porta J
  131 00000042 6001            STR              R1, [R0]    ;Guarda no registra
                                                            dor AMSEL da porta 
                                                            J da memória
  132 00000044 483A            LDR              R0, =GPIO_PORTP_AMSEL_R ;Carreg
                                                            a o R0 com o endere
                                                            ço do AMSEL para a 
                                                            porta P
  133 00000046 6001            STR              R1, [R0]    ;Guarda no registra
                                                            dor AMSEL da porta 
                                                            N da memória   
  134 00000048 483A            LDR              R0, =GPIO_PORTQ_AMSEL_R ;Carreg
                                                            a o R0 com o endere
                                                            ço do AMSEL para a 
                                                            porta Q
  135 0000004A 6001            STR              R1, [R0]    ;Guarda no registra
                                                            dor AMSEL da porta 
                                                            Q da memória
  136 0000004C         
  137 0000004C         ; 3. Limpar PCTL para selecionar o GPIO
  138 0000004C F04F 0100       MOV              R1, #0x00   ;Colocar 0 no regis
                                                            trador para selecio
                                                            nar o modo GPIO
  139 00000050 4839            LDR              R0, =GPIO_PORTA_AHB_PCTL_R ;Car
                                                            rega o R0 com o end
                                                            ereço do PCTL para 
                                                            a porta A
  140 00000052 6001            STR              R1, [R0]    ;Guarda no registra
                                                            dor PCTL da porta A
                                                             da memória
  141 00000054 4839            LDR              R0, =GPIO_PORTB_AHB_PCTL_R ;Car



ARM Macro Assembler    Page 7 


                                                            rega o R0 com o end
                                                            ereço do PCTL para 
                                                            a porta B
  142 00000056 6001            STR              R1, [R0]    ;Guarda no registra
                                                            dor PCTL da porta B
                                                             da memória
  143 00000058 4839            LDR              R0, =GPIO_PORTJ_AHB_PCTL_R ;Car
                                                            rega o R0 com o end
                                                            ereço do PCTL para 
                                                            a porta J
  144 0000005A 6001            STR              R1, [R0]    ;Guarda no registra
                                                            dor PCTL da porta J
                                                             da memória 
  145 0000005C 4839            LDR              R0, =GPIO_PORTP_PCTL_R ;Carrega
                                                             o R0 com o endereç
                                                            o do PCTL para a po
                                                            rta P
  146 0000005E 6001            STR              R1, [R0]    ;Guarda no registra
                                                            dor PCTL da porta P
                                                             da memória   
  147 00000060 4839            LDR              R0, =GPIO_PORTQ_PCTL_R ;Carrega
                                                             o R0 com o endereç
                                                            o do PCTL para a po
                                                            rta Q
  148 00000062 6001            STR              R1, [R0]    ;Guarda no registra
                                                            dor PCTL da porta Q
                                                             da memória   
  149 00000064         
  150 00000064         
  151 00000064         
  152 00000064         ; 4. DIR para 0 se for entrada, 1 se for saída
  153 00000064         ;Pino A
  154 00000064 4839            LDR              R0, =GPIO_PORTA_AHB_DIR_R ;Carr
                                                            ega o R0 com o ende
                                                            reço do DIR para a 
                                                            porta A
  155 00000066 F04F 01F0       MOV              R1, #2_11110000 ;PA4 até o PA7 
                                                            para Leds e Display
                                                             7 segmentos (entra
                                                            da)
  156 0000006A 6001            STR              R1, [R0]    ;Guarda no registra
                                                            dor
  157 0000006C         
  158 0000006C         ;Pino B
  159 0000006C 4838            LDR              R0, =GPIO_PORTB_AHB_DIR_R ;Carr
                                                            ega o R0 com o ende
                                                            reço do DIR para a 
                                                            porta B
  160 0000006E F04F 0130       MOV              R1, #2_0110000 ;PB4 e PB5 para 
                                                            os transistores dos
                                                             Displays 7 segment
                                                            os (entrada)
  161 00000072 6001            STR              R1, [R0]    ;Guarda no registra
                                                            dor
  162 00000074         
  163 00000074         
  164 00000074         ;Pino J
  165 00000074 4837            LDR              R0, =GPIO_PORTJ_AHB_DIR_R ;Carr
                                                            ega o R0 com o ende



ARM Macro Assembler    Page 8 


                                                            reço do DIR para a 
                                                            porta J
  166 00000076 F04F 0100       MOV              R1, #2_00   ;Colocar 0 no regis
                                                            trador DIR para fun
                                                            cionar com saída
  167 0000007A 6001            STR              R1, [R0]    ;Guarda no registra
                                                            dor
  168 0000007C         
  169 0000007C         ;Pino P
  170 0000007C 4836            LDR              R0, =GPIO_PORTP_DIR_R ;Carrega 
                                                            o R0 com o endereço
                                                             do DIR para a port
                                                            a P
  171 0000007E F04F 0120       MOV              R1, #2_100000 ;PP5 para o trans
                                                            istor dos leds (ent
                                                            rada)
  172 00000082 6001            STR              R1, [R0]    ;Guarda no registra
                                                            dor PCTL da porta J
                                                             da memória
  173 00000084         
  174 00000084         ;Pino Q
  175 00000084 4835            LDR              R0, =GPIO_PORTQ_DIR_R ;Carrega 
                                                            o R0 com o endereço
                                                             do DIR para a port
                                                            a N
  176 00000086 F04F 010F       MOV              R1, #2_00001111 ;PQ0 até o PQ3 
                                                            para Leds e Display
                                                             7 segmentos (entra
                                                            da)
  177 0000008A 6001            STR              R1, [R0]    ;Guarda no registra
                                                            dor
  178 0000008C         
  179 0000008C         ; 5. Limpar os bits AFSEL para 0 para selecionar GPIO 
  180 0000008C         ;    Sem função alternativa
  181 0000008C F04F 0100       MOV              R1, #0x00   ;Colocar o valor 0 
                                                            para não setar funç
                                                            ão alternativa
  182 00000090 4833            LDR              R0, =GPIO_PORTA_AHB_AFSEL_R ;Ca
                                                            rrega o endereço do
                                                             AFSEL da porta A
  183 00000092 6001            STR              R1, [R0]    ;Escreve na porta
  184 00000094 4833            LDR              R0, =GPIO_PORTB_AHB_AFSEL_R ;Ca
                                                            rrega o endereço do
                                                             AFSEL da porta B
  185 00000096 6001            STR              R1, [R0]    ;Escreve na porta
  186 00000098 4833            LDR              R0, =GPIO_PORTJ_AHB_AFSEL_R ;Ca
                                                            rrega o endereço do
                                                             AFSEL da porta J
  187 0000009A 6001            STR              R1, [R0]    ;Escreve na porta
  188 0000009C 4833            LDR              R0, =GPIO_PORTP_AFSEL_R ;Carreg
                                                            a o endereço do AFS
                                                            EL da porta P
  189 0000009E 6001            STR              R1, [R0]    ;Escreve na porta
  190 000000A0 4833            LDR              R0, =GPIO_PORTQ_AFSEL_R ;Carreg
                                                            a o endereço do AFS
                                                            EL da porta Q
  191 000000A2 6001            STR              R1, [R0]    ;Escreve na porta
  192 000000A4         
  193 000000A4         ; 6. Setar os bits de DEN para habilitar I/O digital



ARM Macro Assembler    Page 9 


  194 000000A4 4833            LDR              R0, =GPIO_PORTA_AHB_DEN_R ;Carr
                                                            ega o endereço do D
                                                            EN
  195 000000A6 F04F 01F0       MOV              R1, #2_11110000 ;Ativa os pinos
                                                             PA4 ao PA7 como I/
                                                            O Digital
  196 000000AA 6001            STR              R1, [R0]    ;Escreve no registr
                                                            ador da memória fun
                                                            cionalidade digital
                                                             
  197 000000AC         
  198 000000AC 4832            LDR              R0, =GPIO_PORTB_AHB_DEN_R ;Carr
                                                            ega o endereço do D
                                                            EN
  199 000000AE F04F 0130       MOV              R1, #2_0110000 ;Ativa os pinos 
                                                            PB4 e PB5  como I/O
                                                             Digital      
  200 000000B2 6001            STR              R1, [R0]    ;Escreve no registr
                                                            ador da memória fun
                                                            cionalidade digital
                                                            
  201 000000B4         
  202 000000B4 4831            LDR              R0, =GPIO_PORTJ_AHB_DEN_R ;Carr
                                                            ega o endereço do D
                                                            EN
  203 000000B6 F04F 0103       MOV              R1, #2_11   ;Ativa os pinos PJ0
                                                             e PJ1 como I/O Dig
                                                            ital
  204 000000BA 6001            STR              R1, [R0]    ;Escreve no registr
                                                            ador da memória fun
                                                            cionalidade digital
                                                             
  205 000000BC         
  206 000000BC 4830            LDR              R0, =GPIO_PORTP_DEN_R ;Carrega 
                                                            o endereço do DEN
  207 000000BE F04F 0120       MOV              R1, #2_100000 ;Ativa o pino PP5
                                                              como I/O Digital 
                                                                 
  208 000000C2 6001            STR              R1, [R0]    ;Escreve no registr
                                                            ador da memória fun
                                                            cionalidade digital
                                                            
  209 000000C4         
  210 000000C4 482F            LDR              R0, =GPIO_PORTQ_DEN_R ;Carrega 
                                                            o endereço do DEN
  211 000000C6 F04F 010F       MOV              R1, #2_00001111 ;Ativa os pinos
                                                             PQ0 até PQ3  como 
                                                            I/O Digital      
  212 000000CA 6001            STR              R1, [R0]    ;Escreve no registr
                                                            ador da memória fun
                                                            cionalidade digital
                                                            
  213 000000CC         
  214 000000CC         
  215 000000CC         ; 7. Para habilitar resistor de pull-up interno, setar P
                       UR para 1
  216 000000CC 482E            LDR              R0, =GPIO_PORTJ_AHB_PUR_R ;Carr
                                                            ega o endereço do P
                                                            UR para a porta J



ARM Macro Assembler    Page 10 


  217 000000CE F04F 0103       MOV              R1, #2_0000011 ;Habilitar funci
                                                            onalidade digital d
                                                            e resistor de pull-
                                                            up 
  218 000000D2         ;nos bits 0 e 1
  219 000000D2 6001            STR              R1, [R0]
  220 000000D4         
  221 000000D4 4770            BX               LR
  222 000000D6         
  223 000000D6         ; ------------------------------------------------------
                       -------------------------
  224 000000D6         ; Função PortN_Output
  225 000000D6         ; Parâmetro de entrada: 
  226 000000D6         ; Parâmetro de saída: Não tem
  227 000000D6         ;PortN_Output
  228 000000D6         ; ****************************************
  229 000000D6         ; Escrever função que acende ou apaga o LED
  230 000000D6         ; ****************************************
  231 000000D6         ; LDR R9, =GPIO_PORTN_AHB_DATA_R
  232 000000D6         ; MOV R8, #0x02
  233 000000D6         ; STR R8, [R9]
  234 000000D6         ; PUSH {LR}
  235 000000D6         ; MOV R0, #1000
  236 000000D6         ; BL SysTick_Wait1ms
  237 000000D6         ; MOV R8, #0x00
  238 000000D6         ; STR R8, [R9]
  239 000000D6         ; MOV R0, #1000
  240 000000D6         ; BL SysTick_Wait1ms
  241 000000D6         ; POP {LR}
  242 000000D6         ; 
  243 000000D6         ; BX LR
  244 000000D6         
  245 000000D6         
  246 000000D6         PortA_Output
  247 000000D6 492D            LDR              R1, =GPIO_PORTA_AHB_DATA_R
  248 000000D8         ;Read-Modify-Write para escrita
  249 000000D8 680A            LDR              R2, [R1]
  250 000000DA F022 02F0       BIC              R2, #2_11110000 ;Pinos PA4 - PA
                                                            7             
  251 000000DE EA40 0002       ORR              R0, R0, R2
  252 000000E2 6008            STR              R0, [R1]
  253 000000E4 4770            BX               LR
  254 000000E6         
  255 000000E6         PortB_Output
  256 000000E6 492A            LDR              R1, =GPIO_PORTB_AHB_DATA_R
  257 000000E8         ;Read-Modify-Write para escrita
  258 000000E8 680A            LDR              R2, [R1]
  259 000000EA F022 0230       BIC              R2, #2_110000 ;Pinos PB4 - PB5
  260 000000EE EA40 0002       ORR              R0, R0, R2
  261 000000F2 6008            STR              R0, [R1]
  262 000000F4 4770            BX               LR
  263 000000F6         
  264 000000F6         PortP_Output
  265 000000F6 4927            LDR              R1, =GPIO_PORTP_DATA_R
  266 000000F8         ;Read-Modify-Write para escrita
  267 000000F8 680A            LDR              R2, [R1]
  268 000000FA F022 0220       BIC              R2, #2_100000 ;Pino PP5
  269 000000FE EA40 0002       ORR              R0, R0, R2
  270 00000102 6008            STR              R0, [R1]



ARM Macro Assembler    Page 11 


  271 00000104 4770            BX               LR
  272 00000106         
  273 00000106         PortQ_Output
  274 00000106 4924            LDR              R1, =GPIO_PORTQ_DATA_R
  275 00000108         ;Read-Modify-Write para escrita
  276 00000108 680A            LDR              R2, [R1]
  277 0000010A F022 020F       BIC              R2, #2_1111 ;Pinos PQ0 - PQ3   
                                                                    
  278 0000010E EA40 0002       ORR              R0, R0, R2
  279 00000112 6008            STR              R0, [R1]
  280 00000114 4770            BX               LR
  281 00000116         
  282 00000116         
  283 00000116         
  284 00000116         ; ------------------------------------------------------
                       -------------------------
  285 00000116         ; Função PortJ_Input
  286 00000116         ; Parâmetro de entrada: Não tem
  287 00000116         ; Parâmetro de saída: R0 --> o valor da leitura
  288 00000116         PortJ_Input
  289 00000116         ; ****************************************
  290 00000116         ; Escrever função que lê a chave e retorna 
  291 00000116         ; um registrador se está ativada ou não
  292 00000116         ; ****************************************
  293 00000116 4921            LDR              R1, =GPIO_PORTJ_AHB_DATA_R ;Car
                                                            rega o valor do off
                                                            set do data registe
                                                            r
  294 00000118 6808            LDR              R0, [R1]    ;Lê no barramento d
                                                            e dados dos pinos [
                                                            J1-J0]
  295 0000011A 4770            BX               LR
  296 0000011C         
  297 0000011C                 ALIGN                        ; garante que o fim
                                                             da seção está alin
                                                            hada 
  298 0000011C                 END                          ; fim do arquivo
              400FE608 
              400FEA08 
              40058528 
              40059528 
              40060528 
              40065528 
              40066528 
              4005852C 
              4005952C 
              4006052C 
              4006552C 
              4006652C 
              40058400 
              40059400 
              40060400 
              40065400 
              40066400 
              40058420 
              40059420 
              40060420 
              40065420 
              40066420 



ARM Macro Assembler    Page 12 


              4005851C 
              4005951C 
              4006051C 
              4006551C 
              4006651C 
              40060510 
              400583FC 
              400593FC 
              400653FC 
              400663FC 
              400603FC 
Command Line: --debug --xref --diag_suppress=9931,A1950W --cpu=Cortex-M4.fp.sp 
--depend=.\objects\gpio.d -o.\objects\gpio.o -ID:\Users\pedro\AppData\Local\Arm
\Packs\Keil\TM4C_DFP\1.1.0\Device\Include\TM4C129 --predefine="__EVAL SETA 1" -
-predefine="__UVISION_VERSION SETA 538" --predefine="TM4C1294NCPDT SETA 1" --li
st=.\listings\gpio.lst gpio.s



ARM Macro Assembler    Page 1 Alphabetic symbol ordering
Relocatable symbols

.text 00000000

Symbol: .text
   Definitions
      At line 89 in file gpio.s
   Uses
      None
Comment: .text unused
EsperaGPIO 0000001A

Symbol: EsperaGPIO
   Definitions
      At line 115 in file gpio.s
   Uses
      At line 122 in file gpio.s
Comment: EsperaGPIO used once
GPIO_Init 00000000

Symbol: GPIO_Init
   Definitions
      At line 104 in file gpio.s
   Uses
      At line 92 in file gpio.s
Comment: GPIO_Init used once
PortA_Output 000000D6

Symbol: PortA_Output
   Definitions
      At line 246 in file gpio.s
   Uses
      At line 93 in file gpio.s
Comment: PortA_Output used once
PortB_Output 000000E6

Symbol: PortB_Output
   Definitions
      At line 255 in file gpio.s
   Uses
      At line 94 in file gpio.s
Comment: PortB_Output used once
PortJ_Input 00000116

Symbol: PortJ_Input
   Definitions
      At line 288 in file gpio.s
   Uses
      At line 95 in file gpio.s
Comment: PortJ_Input used once
PortP_Output 000000F6

Symbol: PortP_Output
   Definitions
      At line 264 in file gpio.s
   Uses
      At line 96 in file gpio.s
Comment: PortP_Output used once
PortQ_Output 00000106

Symbol: PortQ_Output



ARM Macro Assembler    Page 2 Alphabetic symbol ordering
Relocatable symbols

   Definitions
      At line 273 in file gpio.s
   Uses
      At line 97 in file gpio.s
Comment: PortQ_Output used once
8 symbols



ARM Macro Assembler    Page 1 Alphabetic symbol ordering
Absolute symbols

GPIO_PORTA 00000001

Symbol: GPIO_PORTA
   Definitions
      At line 28 in file gpio.s
   Uses
      At line 107 in file gpio.s
      At line 116 in file gpio.s

GPIO_PORTA_AHB_AFSEL_R 40058420

Symbol: GPIO_PORTA_AHB_AFSEL_R
   Definitions
      At line 24 in file gpio.s
   Uses
      At line 182 in file gpio.s
Comment: GPIO_PORTA_AHB_AFSEL_R used once
GPIO_PORTA_AHB_AMSEL_R 40058528

Symbol: GPIO_PORTA_AHB_AMSEL_R
   Definitions
      At line 21 in file gpio.s
   Uses
      At line 126 in file gpio.s
Comment: GPIO_PORTA_AHB_AMSEL_R used once
GPIO_PORTA_AHB_CR_R 40058524

Symbol: GPIO_PORTA_AHB_CR_R
   Definitions
      At line 20 in file gpio.s
   Uses
      None
Comment: GPIO_PORTA_AHB_CR_R unused
GPIO_PORTA_AHB_DATA_R 400583FC

Symbol: GPIO_PORTA_AHB_DATA_R
   Definitions
      At line 27 in file gpio.s
   Uses
      At line 247 in file gpio.s
Comment: GPIO_PORTA_AHB_DATA_R used once
GPIO_PORTA_AHB_DEN_R 4005851C

Symbol: GPIO_PORTA_AHB_DEN_R
   Definitions
      At line 25 in file gpio.s
   Uses
      At line 194 in file gpio.s
Comment: GPIO_PORTA_AHB_DEN_R used once
GPIO_PORTA_AHB_DIR_R 40058400

Symbol: GPIO_PORTA_AHB_DIR_R
   Definitions
      At line 23 in file gpio.s
   Uses
      At line 154 in file gpio.s
Comment: GPIO_PORTA_AHB_DIR_R used once
GPIO_PORTA_AHB_LOCK_R 40058520




ARM Macro Assembler    Page 2 Alphabetic symbol ordering
Absolute symbols

Symbol: GPIO_PORTA_AHB_LOCK_R
   Definitions
      At line 19 in file gpio.s
   Uses
      None
Comment: GPIO_PORTA_AHB_LOCK_R unused
GPIO_PORTA_AHB_PCTL_R 4005852C

Symbol: GPIO_PORTA_AHB_PCTL_R
   Definitions
      At line 22 in file gpio.s
   Uses
      At line 139 in file gpio.s
Comment: GPIO_PORTA_AHB_PCTL_R used once
GPIO_PORTA_AHB_PUR_R 40058510

Symbol: GPIO_PORTA_AHB_PUR_R
   Definitions
      At line 26 in file gpio.s
   Uses
      None
Comment: GPIO_PORTA_AHB_PUR_R unused
GPIO_PORTB 00000002

Symbol: GPIO_PORTB
   Definitions
      At line 39 in file gpio.s
   Uses
      At line 108 in file gpio.s
      At line 117 in file gpio.s

GPIO_PORTB_AHB_AFSEL_R 40059420

Symbol: GPIO_PORTB_AHB_AFSEL_R
   Definitions
      At line 35 in file gpio.s
   Uses
      At line 184 in file gpio.s
Comment: GPIO_PORTB_AHB_AFSEL_R used once
GPIO_PORTB_AHB_AMSEL_R 40059528

Symbol: GPIO_PORTB_AHB_AMSEL_R
   Definitions
      At line 32 in file gpio.s
   Uses
      At line 128 in file gpio.s
Comment: GPIO_PORTB_AHB_AMSEL_R used once
GPIO_PORTB_AHB_CR_R 40059524

Symbol: GPIO_PORTB_AHB_CR_R
   Definitions
      At line 31 in file gpio.s
   Uses
      None
Comment: GPIO_PORTB_AHB_CR_R unused
GPIO_PORTB_AHB_DATA_R 400593FC

Symbol: GPIO_PORTB_AHB_DATA_R
   Definitions



ARM Macro Assembler    Page 3 Alphabetic symbol ordering
Absolute symbols

      At line 38 in file gpio.s
   Uses
      At line 256 in file gpio.s
Comment: GPIO_PORTB_AHB_DATA_R used once
GPIO_PORTB_AHB_DEN_R 4005951C

Symbol: GPIO_PORTB_AHB_DEN_R
   Definitions
      At line 36 in file gpio.s
   Uses
      At line 198 in file gpio.s
Comment: GPIO_PORTB_AHB_DEN_R used once
GPIO_PORTB_AHB_DIR_R 40059400

Symbol: GPIO_PORTB_AHB_DIR_R
   Definitions
      At line 34 in file gpio.s
   Uses
      At line 159 in file gpio.s
Comment: GPIO_PORTB_AHB_DIR_R used once
GPIO_PORTB_AHB_LOCK_R 40059520

Symbol: GPIO_PORTB_AHB_LOCK_R
   Definitions
      At line 30 in file gpio.s
   Uses
      None
Comment: GPIO_PORTB_AHB_LOCK_R unused
GPIO_PORTB_AHB_PCTL_R 4005952C

Symbol: GPIO_PORTB_AHB_PCTL_R
   Definitions
      At line 33 in file gpio.s
   Uses
      At line 141 in file gpio.s
Comment: GPIO_PORTB_AHB_PCTL_R used once
GPIO_PORTB_AHB_PUR_R 40059510

Symbol: GPIO_PORTB_AHB_PUR_R
   Definitions
      At line 37 in file gpio.s
   Uses
      None
Comment: GPIO_PORTB_AHB_PUR_R unused
GPIO_PORTJ 00000100

Symbol: GPIO_PORTJ
   Definitions
      At line 50 in file gpio.s
   Uses
      At line 109 in file gpio.s
      At line 118 in file gpio.s

GPIO_PORTJ_AHB_AFSEL_R 40060420

Symbol: GPIO_PORTJ_AHB_AFSEL_R
   Definitions
      At line 46 in file gpio.s
   Uses



ARM Macro Assembler    Page 4 Alphabetic symbol ordering
Absolute symbols

      At line 186 in file gpio.s
Comment: GPIO_PORTJ_AHB_AFSEL_R used once
GPIO_PORTJ_AHB_AMSEL_R 40060528

Symbol: GPIO_PORTJ_AHB_AMSEL_R
   Definitions
      At line 43 in file gpio.s
   Uses
      At line 130 in file gpio.s
Comment: GPIO_PORTJ_AHB_AMSEL_R used once
GPIO_PORTJ_AHB_CR_R 40060524

Symbol: GPIO_PORTJ_AHB_CR_R
   Definitions
      At line 42 in file gpio.s
   Uses
      None
Comment: GPIO_PORTJ_AHB_CR_R unused
GPIO_PORTJ_AHB_DATA_R 400603FC

Symbol: GPIO_PORTJ_AHB_DATA_R
   Definitions
      At line 49 in file gpio.s
   Uses
      At line 293 in file gpio.s
Comment: GPIO_PORTJ_AHB_DATA_R used once
GPIO_PORTJ_AHB_DEN_R 4006051C

Symbol: GPIO_PORTJ_AHB_DEN_R
   Definitions
      At line 47 in file gpio.s
   Uses
      At line 202 in file gpio.s
Comment: GPIO_PORTJ_AHB_DEN_R used once
GPIO_PORTJ_AHB_DIR_R 40060400

Symbol: GPIO_PORTJ_AHB_DIR_R
   Definitions
      At line 45 in file gpio.s
   Uses
      At line 165 in file gpio.s
Comment: GPIO_PORTJ_AHB_DIR_R used once
GPIO_PORTJ_AHB_LOCK_R 40060520

Symbol: GPIO_PORTJ_AHB_LOCK_R
   Definitions
      At line 41 in file gpio.s
   Uses
      None
Comment: GPIO_PORTJ_AHB_LOCK_R unused
GPIO_PORTJ_AHB_PCTL_R 4006052C

Symbol: GPIO_PORTJ_AHB_PCTL_R
   Definitions
      At line 44 in file gpio.s
   Uses
      At line 143 in file gpio.s
Comment: GPIO_PORTJ_AHB_PCTL_R used once
GPIO_PORTJ_AHB_PUR_R 40060510



ARM Macro Assembler    Page 5 Alphabetic symbol ordering
Absolute symbols


Symbol: GPIO_PORTJ_AHB_PUR_R
   Definitions
      At line 48 in file gpio.s
   Uses
      At line 216 in file gpio.s
Comment: GPIO_PORTJ_AHB_PUR_R used once
GPIO_PORTN 00001000

Symbol: GPIO_PORTN
   Definitions
      At line 61 in file gpio.s
   Uses
      None
Comment: GPIO_PORTN unused
GPIO_PORTN_AHB_AFSEL_R 40064420

Symbol: GPIO_PORTN_AHB_AFSEL_R
   Definitions
      At line 57 in file gpio.s
   Uses
      None
Comment: GPIO_PORTN_AHB_AFSEL_R unused
GPIO_PORTN_AHB_AMSEL_R 40064528

Symbol: GPIO_PORTN_AHB_AMSEL_R
   Definitions
      At line 54 in file gpio.s
   Uses
      None
Comment: GPIO_PORTN_AHB_AMSEL_R unused
GPIO_PORTN_AHB_CR_R 40064524

Symbol: GPIO_PORTN_AHB_CR_R
   Definitions
      At line 53 in file gpio.s
   Uses
      None
Comment: GPIO_PORTN_AHB_CR_R unused
GPIO_PORTN_AHB_DATA_R 400643FC

Symbol: GPIO_PORTN_AHB_DATA_R
   Definitions
      At line 60 in file gpio.s
   Uses
      None
Comment: GPIO_PORTN_AHB_DATA_R unused
GPIO_PORTN_AHB_DEN_R 4006451C

Symbol: GPIO_PORTN_AHB_DEN_R
   Definitions
      At line 58 in file gpio.s
   Uses
      None
Comment: GPIO_PORTN_AHB_DEN_R unused
GPIO_PORTN_AHB_DIR_R 40064400

Symbol: GPIO_PORTN_AHB_DIR_R
   Definitions



ARM Macro Assembler    Page 6 Alphabetic symbol ordering
Absolute symbols

      At line 56 in file gpio.s
   Uses
      None
Comment: GPIO_PORTN_AHB_DIR_R unused
GPIO_PORTN_AHB_LOCK_R 40064520

Symbol: GPIO_PORTN_AHB_LOCK_R
   Definitions
      At line 52 in file gpio.s
   Uses
      None
Comment: GPIO_PORTN_AHB_LOCK_R unused
GPIO_PORTN_AHB_PCTL_R 4006452C

Symbol: GPIO_PORTN_AHB_PCTL_R
   Definitions
      At line 55 in file gpio.s
   Uses
      None
Comment: GPIO_PORTN_AHB_PCTL_R unused
GPIO_PORTN_AHB_PUR_R 40064510

Symbol: GPIO_PORTN_AHB_PUR_R
   Definitions
      At line 59 in file gpio.s
   Uses
      None
Comment: GPIO_PORTN_AHB_PUR_R unused
GPIO_PORTP 00002000

Symbol: GPIO_PORTP
   Definitions
      At line 72 in file gpio.s
   Uses
      At line 110 in file gpio.s
      At line 119 in file gpio.s

GPIO_PORTP_AFSEL_R 40065420

Symbol: GPIO_PORTP_AFSEL_R
   Definitions
      At line 68 in file gpio.s
   Uses
      At line 188 in file gpio.s
Comment: GPIO_PORTP_AFSEL_R used once
GPIO_PORTP_AMSEL_R 40065528

Symbol: GPIO_PORTP_AMSEL_R
   Definitions
      At line 65 in file gpio.s
   Uses
      At line 132 in file gpio.s
Comment: GPIO_PORTP_AMSEL_R used once
GPIO_PORTP_CR_R 40065524

Symbol: GPIO_PORTP_CR_R
   Definitions
      At line 64 in file gpio.s
   Uses



ARM Macro Assembler    Page 7 Alphabetic symbol ordering
Absolute symbols

      None
Comment: GPIO_PORTP_CR_R unused
GPIO_PORTP_DATA_R 400653FC

Symbol: GPIO_PORTP_DATA_R
   Definitions
      At line 71 in file gpio.s
   Uses
      At line 265 in file gpio.s
Comment: GPIO_PORTP_DATA_R used once
GPIO_PORTP_DEN_R 4006551C

Symbol: GPIO_PORTP_DEN_R
   Definitions
      At line 69 in file gpio.s
   Uses
      At line 206 in file gpio.s
Comment: GPIO_PORTP_DEN_R used once
GPIO_PORTP_DIR_R 40065400

Symbol: GPIO_PORTP_DIR_R
   Definitions
      At line 67 in file gpio.s
   Uses
      At line 170 in file gpio.s
Comment: GPIO_PORTP_DIR_R used once
GPIO_PORTP_LOCK_R 40065520

Symbol: GPIO_PORTP_LOCK_R
   Definitions
      At line 63 in file gpio.s
   Uses
      None
Comment: GPIO_PORTP_LOCK_R unused
GPIO_PORTP_PCTL_R 4006552C

Symbol: GPIO_PORTP_PCTL_R
   Definitions
      At line 66 in file gpio.s
   Uses
      At line 145 in file gpio.s
Comment: GPIO_PORTP_PCTL_R used once
GPIO_PORTP_PUR_R 40065510

Symbol: GPIO_PORTP_PUR_R
   Definitions
      At line 70 in file gpio.s
   Uses
      None
Comment: GPIO_PORTP_PUR_R unused
GPIO_PORTQ 00004000

Symbol: GPIO_PORTQ
   Definitions
      At line 83 in file gpio.s
   Uses
      At line 111 in file gpio.s
      At line 120 in file gpio.s




ARM Macro Assembler    Page 8 Alphabetic symbol ordering
Absolute symbols

GPIO_PORTQ_AFSEL_R 40066420

Symbol: GPIO_PORTQ_AFSEL_R
   Definitions
      At line 79 in file gpio.s
   Uses
      At line 190 in file gpio.s
Comment: GPIO_PORTQ_AFSEL_R used once
GPIO_PORTQ_AMSEL_R 40066528

Symbol: GPIO_PORTQ_AMSEL_R
   Definitions
      At line 76 in file gpio.s
   Uses
      At line 134 in file gpio.s
Comment: GPIO_PORTQ_AMSEL_R used once
GPIO_PORTQ_CR_R 40066524

Symbol: GPIO_PORTQ_CR_R
   Definitions
      At line 75 in file gpio.s
   Uses
      None
Comment: GPIO_PORTQ_CR_R unused
GPIO_PORTQ_DATA_R 400663FC

Symbol: GPIO_PORTQ_DATA_R
   Definitions
      At line 82 in file gpio.s
   Uses
      At line 274 in file gpio.s
Comment: GPIO_PORTQ_DATA_R used once
GPIO_PORTQ_DEN_R 4006651C

Symbol: GPIO_PORTQ_DEN_R
   Definitions
      At line 80 in file gpio.s
   Uses
      At line 210 in file gpio.s
Comment: GPIO_PORTQ_DEN_R used once
GPIO_PORTQ_DIR_R 40066400

Symbol: GPIO_PORTQ_DIR_R
   Definitions
      At line 78 in file gpio.s
   Uses
      At line 175 in file gpio.s
Comment: GPIO_PORTQ_DIR_R used once
GPIO_PORTQ_LOCK_R 40066520

Symbol: GPIO_PORTQ_LOCK_R
   Definitions
      At line 74 in file gpio.s
   Uses
      None
Comment: GPIO_PORTQ_LOCK_R unused
GPIO_PORTQ_PCTL_R 4006652C

Symbol: GPIO_PORTQ_PCTL_R



ARM Macro Assembler    Page 9 Alphabetic symbol ordering
Absolute symbols

   Definitions
      At line 77 in file gpio.s
   Uses
      At line 147 in file gpio.s
Comment: GPIO_PORTQ_PCTL_R used once
GPIO_PORTQ_PUR_R 40066510

Symbol: GPIO_PORTQ_PUR_R
   Definitions
      At line 81 in file gpio.s
   Uses
      None
Comment: GPIO_PORTQ_PUR_R unused
SYSCTL_PRGPIO_R 400FEA08

Symbol: SYSCTL_PRGPIO_R
   Definitions
      At line 15 in file gpio.s
   Uses
      At line 114 in file gpio.s
Comment: SYSCTL_PRGPIO_R used once
SYSCTL_RCGCGPIO_R 400FE608

Symbol: SYSCTL_RCGCGPIO_R
   Definitions
      At line 14 in file gpio.s
   Uses
      At line 106 in file gpio.s
Comment: SYSCTL_RCGCGPIO_R used once
62 symbols



ARM Macro Assembler    Page 1 Alphabetic symbol ordering
External symbols

SysTick_Wait1ms 00000000

Symbol: SysTick_Wait1ms
   Definitions
      At line 98 in file gpio.s
   Uses
      None
Comment: SysTick_Wait1ms unused
1 symbol
407 symbols in table
