


ARM Macro Assembler    Page 1 


    1 00000000         ; gpio.s
    2 00000000         ; Desenvolvido para a placa EK-TM4C1294XL
    3 00000000         ; Prof. Guilherme Peron
    4 00000000         ; Ver 1 19/03/2018
    5 00000000         ; Ver 2 26/08/2018
    6 00000000         
    7 00000000         ; ------------------------------------------------------
                       -------------------------
    8 00000000                 THUMB                        ; Instruções do tip
                                                            o Thumb-2
    9 00000000         ; ------------------------------------------------------
                       -------------------------
   10 00000000         ; Declarações EQU - Defines
   11 00000000         ; ========================
   12 00000000         ; ========================
   13 00000000         ; Definições dos Registradores Gerais
   14 00000000 400FE608 
                       SYSCTL_RCGCGPIO_R
                               EQU              0x400FE608
   15 00000000 400FEA08 
                       SYSCTL_PRGPIO_R
                               EQU              0x400FEA08
   16 00000000         ; ========================
   17 00000000         ; Definições dos Ports
   18 00000000         ; PORT A
   19 00000000 40058520 
                       GPIO_PORTA_LOCK_R
                               EQU              0x40058520
   20 00000000 40058524 
                       GPIO_PORTA_CR_R
                               EQU              0x40058524
   21 00000000 40058528 
                       GPIO_PORTA_AMSEL_R
                               EQU              0x40058528
   22 00000000 4005852C 
                       GPIO_PORTA_PCTL_R
                               EQU              0x4005852C
   23 00000000 40058400 
                       GPIO_PORTA_DIR_R
                               EQU              0x40058400
   24 00000000 40058420 
                       GPIO_PORTA_AFSEL_R
                               EQU              0x40058420
   25 00000000 4005851C 
                       GPIO_PORTA_DEN_R
                               EQU              0x4005851C
   26 00000000 40058510 
                       GPIO_PORTA_PUR_R
                               EQU              0x40058510
   27 00000000 400583FC 
                       GPIO_PORTA_DATA_R
                               EQU              0x400583FC
   28 00000000 40058000 
                       GPIO_PORTA_DATA_BITS_R
                               EQU              0x40058000
   29 00000000 00000001 
                       GPIO_PORTA
                               EQU              2_000000000000001
   30 00000000         



ARM Macro Assembler    Page 2 


   31 00000000         ; PORT J
   32 00000000 40060520 
                       GPIO_PORTJ_LOCK_R
                               EQU              0x40060520
   33 00000000 40060524 
                       GPIO_PORTJ_CR_R
                               EQU              0x40060524
   34 00000000 40060528 
                       GPIO_PORTJ_AMSEL_R
                               EQU              0x40060528
   35 00000000 4006052C 
                       GPIO_PORTJ_PCTL_R
                               EQU              0x4006052C
   36 00000000 40060400 
                       GPIO_PORTJ_DIR_R
                               EQU              0x40060400
   37 00000000 40060420 
                       GPIO_PORTJ_AFSEL_R
                               EQU              0x40060420
   38 00000000 4006051C 
                       GPIO_PORTJ_DEN_R
                               EQU              0x4006051C
   39 00000000 40060510 
                       GPIO_PORTJ_PUR_R
                               EQU              0x40060510
   40 00000000 400603FC 
                       GPIO_PORTJ_DATA_R
                               EQU              0x400603FC
   41 00000000 40060000 
                       GPIO_PORTJ_DATA_BITS_R
                               EQU              0x40060000
   42 00000000 00000100 
                       GPIO_PORTJ
                               EQU              2_000000100000000
   43 00000000         ; Interrupt Port J
   44 00000000 40060410 
                       GPIO_PORTJ_AHB_IM_R
                               EQU              0x40060410
   45 00000000 40060404 
                       GPIO_PORTJ_AHB_IS_R
                               EQU              0x40060404
   46 00000000 40060408 
                       GPIO_PORTJ_AHB_IBE_R
                               EQU              0x40060408
   47 00000000 4006040C 
                       GPIO_PORTJ_AHB_IEV_R
                               EQU              0x4006040C
   48 00000000 4006041C 
                       GPIO_PORTJ_AHB_ICR_R
                               EQU              0x4006041C
   49 00000000 40060414 
                       GPIO_PORTJ_AHB_RIS_R
                               EQU              0x40060414
   50 00000000         
   51 00000000 E000E104 
                       NVIC_EN1_R
                               EQU              0xE000E104
   52 00000000 E000E430 
                       NVIC_PRI12_R



ARM Macro Assembler    Page 3 


                               EQU              0xE000E430
   53 00000000         
   54 00000000         ; PORT K
   55 00000000 40061520 
                       GPIO_PORTK_LOCK_R
                               EQU              0x40061520
   56 00000000 40061524 
                       GPIO_PORTK_CR_R
                               EQU              0x40061524
   57 00000000 40061528 
                       GPIO_PORTK_AMSEL_R
                               EQU              0x40061528
   58 00000000 4006152C 
                       GPIO_PORTK_PCTL_R
                               EQU              0x4006152C
   59 00000000 40061400 
                       GPIO_PORTK_DIR_R
                               EQU              0x40061400
   60 00000000 40061420 
                       GPIO_PORTK_AFSEL_R
                               EQU              0x40061420
   61 00000000 4006151C 
                       GPIO_PORTK_DEN_R
                               EQU              0x4006151C
   62 00000000 40061510 
                       GPIO_PORTK_PUR_R
                               EQU              0x40061510
   63 00000000 400613FC 
                       GPIO_PORTK_DATA_R
                               EQU              0x400613FC
   64 00000000 40061000 
                       GPIO_PORTK_DATA_BITS_R
                               EQU              0x40061000
   65 00000000 00000200 
                       GPIO_PORTK
                               EQU              2_000001000000000
   66 00000000         
   67 00000000         ; PORT L
   68 00000000 40062520 
                       GPIO_PORTL_LOCK_R
                               EQU              0x40062520
   69 00000000 40062524 
                       GPIO_PORTL_CR_R
                               EQU              0x40062524
   70 00000000 40062528 
                       GPIO_PORTL_AMSEL_R
                               EQU              0x40062528
   71 00000000 4006252C 
                       GPIO_PORTL_PCTL_R
                               EQU              0x4006252C
   72 00000000 40062400 
                       GPIO_PORTL_DIR_R
                               EQU              0x40062400
   73 00000000 40062420 
                       GPIO_PORTL_AFSEL_R
                               EQU              0x40062420
   74 00000000 4006251C 
                       GPIO_PORTL_DEN_R
                               EQU              0x4006251C



ARM Macro Assembler    Page 4 


   75 00000000 40062510 
                       GPIO_PORTL_PUR_R
                               EQU              0x40062510
   76 00000000 400623FC 
                       GPIO_PORTL_DATA_R
                               EQU              0x400623FC
   77 00000000 40062000 
                       GPIO_PORTL_DATA_BITS_R
                               EQU              0x40062000
   78 00000000 00000400 
                       GPIO_PORTL
                               EQU              2_000010000000000
   79 00000000         
   80 00000000         ; PORT M
   81 00000000 40063520 
                       GPIO_PORTM_LOCK_R
                               EQU              0x40063520
   82 00000000 40063524 
                       GPIO_PORTM_CR_R
                               EQU              0x40063524
   83 00000000 40063528 
                       GPIO_PORTM_AMSEL_R
                               EQU              0x40063528
   84 00000000 4006352C 
                       GPIO_PORTM_PCTL_R
                               EQU              0x4006352C
   85 00000000 40063400 
                       GPIO_PORTM_DIR_R
                               EQU              0x40063400
   86 00000000 40063420 
                       GPIO_PORTM_AFSEL_R
                               EQU              0x40063420
   87 00000000 4006351C 
                       GPIO_PORTM_DEN_R
                               EQU              0x4006351C
   88 00000000 40063510 
                       GPIO_PORTM_PUR_R
                               EQU              0x40063510
   89 00000000 400633FC 
                       GPIO_PORTM_DATA_R
                               EQU              0x400633FC
   90 00000000 40063000 
                       GPIO_PORTM_DATA_BITS_R
                               EQU              0x40063000
   91 00000000 00000800 
                       GPIO_PORTM
                               EQU              2_000100000000000
   92 00000000         
   93 00000000         ;; PORT N
   94 00000000         ;GPIO_PORTN_LOCK_R     EQU    0x40064520
   95 00000000         ;GPIO_PORTN_CR_R       EQU    0x40064524
   96 00000000         ;GPIO_PORTN_AMSEL_R    EQU    0x40064528
   97 00000000         ;GPIO_PORTN_PCTL_R     EQU    0x4006452C
   98 00000000         ;GPIO_PORTN_DIR_R      EQU    0x40064400
   99 00000000         ;GPIO_PORTN_AFSEL_R    EQU    0x40064420
  100 00000000         ;GPIO_PORTN_DEN_R      EQU    0x4006451C
  101 00000000         ;GPIO_PORTN_PUR_R      EQU    0x40064510 
  102 00000000         ;GPIO_PORTN_DATA_R     EQU    0x400643FC
  103 00000000         ;GPIO_PORTN_DATA_BITS_R  EQU    0x40064000



ARM Macro Assembler    Page 5 


  104 00000000         ;GPIO_PORTN              EQU    2_001000000000000
  105 00000000         
  106 00000000         ; PORT P
  107 00000000 40065520 
                       GPIO_PORTP_LOCK_R
                               EQU              0x40065520
  108 00000000 40065524 
                       GPIO_PORTP_CR_R
                               EQU              0x40065524
  109 00000000 40065528 
                       GPIO_PORTP_AMSEL_R
                               EQU              0x40065528
  110 00000000 4006552C 
                       GPIO_PORTP_PCTL_R
                               EQU              0x4006552C
  111 00000000 40065400 
                       GPIO_PORTP_DIR_R
                               EQU              0x40065400
  112 00000000 40065420 
                       GPIO_PORTP_AFSEL_R
                               EQU              0x40065420
  113 00000000 4006551C 
                       GPIO_PORTP_DEN_R
                               EQU              0x4006551C
  114 00000000 40065510 
                       GPIO_PORTP_PUR_R
                               EQU              0x40065510
  115 00000000 400653FC 
                       GPIO_PORTP_DATA_R
                               EQU              0x400653FC
  116 00000000 40065000 
                       GPIO_PORTP_DATA_BITS_R
                               EQU              0x40065000
  117 00000000 00002000 
                       GPIO_PORTP
                               EQU              2_010000000000000
  118 00000000         
  119 00000000         ; PORT Q
  120 00000000 40066520 
                       GPIO_PORTQ_LOCK_R
                               EQU              0x40066520
  121 00000000 40066524 
                       GPIO_PORTQ_CR_R
                               EQU              0x40066524
  122 00000000 40066528 
                       GPIO_PORTQ_AMSEL_R
                               EQU              0x40066528
  123 00000000 4006652C 
                       GPIO_PORTQ_PCTL_R
                               EQU              0x4006652C
  124 00000000 40066400 
                       GPIO_PORTQ_DIR_R
                               EQU              0x40066400
  125 00000000 40066420 
                       GPIO_PORTQ_AFSEL_R
                               EQU              0x40066420
  126 00000000 4006651C 
                       GPIO_PORTQ_DEN_R
                               EQU              0x4006651C



ARM Macro Assembler    Page 6 


  127 00000000 40066510 
                       GPIO_PORTQ_PUR_R
                               EQU              0x40066510
  128 00000000 400663FC 
                       GPIO_PORTQ_DATA_R
                               EQU              0x400663FC
  129 00000000 40066000 
                       GPIO_PORTQ_DATA_BITS_R
                               EQU              0x40066000
  130 00000000 00004000 
                       GPIO_PORTQ
                               EQU              2_100000000000000
  131 00000000         
  132 00000000         
  133 00000000         
  134 00000000         
  135 00000000         ; ------------------------------------------------------
                       -------------------------
  136 00000000         ; Área de Código - Tudo abaixo da diretiva a seguir será
                        armazenado na memória de 
  137 00000000         ;                  código
  138 00000000                 AREA             |.text|, CODE, READONLY, ALIGN=
2
  139 00000000         
  140 00000000         ; Se alguma função do arquivo for chamada em outro arqui
                       vo 
  141 00000000                 EXPORT           GPIO_Init   ; Permite chamar GP
                                                            IO_Init de outro ar
                                                            quivo
  142 00000000                 EXPORT           PortL_Input ; Permite chamar Po
                                                            rtJ_Input de outro 
                                                            arquivo 
  143 00000000                 EXPORT           PortM_Output ; Permite chamar P
                                                            ortJ_Input de outro
                                                             arquivo 
  144 00000000                 EXPORT           PortM_Dir   ; Permite chamar Po
                                                            rtJ_Input de outro 
                                                            arquivo 
  145 00000000                 EXPORT           Display_Write
  146 00000000                 EXPORT           Display_Init
  147 00000000                 EXPORT           Display_Config
  148 00000000                 EXPORT           Display_Clear
  149 00000000                 EXPORT           Display_Write
  150 00000000                 EXPORT           Led_Enable
  151 00000000                 EXPORT           Interrupt_Init
  152 00000000                 IMPORT           SysTick_Wait1ms
  153 00000000                 IMPORT           SysTick_Wait1us
  154 00000000         
  155 00000000         ;-------------------------------------------------------
                       -------------------------
  156 00000000         ; Função GPIO_Init
  157 00000000         ; Parâmetro de entrada: Não tem
  158 00000000         ; Parâmetro de saída: Não tem
  159 00000000         GPIO_Init
  160 00000000         ;=====================
  161 00000000 48BE            LDR              R0, =SYSCTL_RCGCGPIO_R
  162 00000002 F04F 0101       MOV              R1, #GPIO_PORTA ; PORT A       
                                                                               
                                                                       



ARM Macro Assembler    Page 7 


  163 00000006 F441 7180       ORR              R1, #GPIO_PORTJ ; PORT J       
                                                                               
                                                                       
  164 0000000A F441 7100       ORR              R1, #GPIO_PORTK ; PORT K       
                                                                      
  165 0000000E F441 6180       ORR              R1, #GPIO_PORTL ; PORT L       
                                                                      
  166 00000012 F441 6100       ORR              R1, #GPIO_PORTM ; PORT M       
                                                                      
  167 00000016         ; ORR     R1, #GPIO_PORTN               ; PORT N        
                                  
  168 00000016 F441 5100       ORR              R1, #GPIO_PORTP ; PORT P       
                                                                      
  169 0000001A F441 4180       ORR              R1, #GPIO_PORTQ ; PORT Q       
                                                                      
  170 0000001E 6001            STR              R1, [R0]
  171 00000020         
  172 00000020 48B7            LDR              R0, =SYSCTL_PRGPIO_R
  173 00000022 6801    EsperaGPIO
                               LDR              R1, [R0]
  174 00000024 F04F 0101       MOV              R1, #GPIO_PORTA ; PORT A       
                                                                               
                                                                       
  175 00000028 F441 7180       ORR              R1, #GPIO_PORTJ ; PORT J       
                                                                               
                                                                       
  176 0000002C F441 7100       ORR              R1, #GPIO_PORTK ; PORT K       
                                                                      
  177 00000030 F441 6180       ORR              R1, #GPIO_PORTL ; PORT L       
                                                                      
  178 00000034 F441 6100       ORR              R1, #GPIO_PORTM ; PORT M       
                                                                      
  179 00000038         ; ORR     R1, #GPIO_PORTN               ; PORT N        
                                  
  180 00000038 F441 5100       ORR              R1, #GPIO_PORTP ; PORT P       
                                                                      
  181 0000003C F441 4180       ORR              R1, #GPIO_PORTQ ; PORT Q
  182 00000040 4211            TST              R1, R2      ;Testa o R1 com R2 
                                                            fazendo R1 & R2
  183 00000042 D0EE            BEQ              EsperaGPIO  ;Se o flag Z=1, vol
                                                            ta para o laço. Sen
                                                            ão continua executa
                                                            ndo
  184 00000044         
  185 00000044         
  186 00000044         ; 2. Limpar o AMSEL para desabilitar a analógica
  187 00000044 F04F 0100       MOV              R1, #0x0
  188 00000048 48AE            LDR              R0, =GPIO_PORTA_AMSEL_R 
                                                            ; PORT A
  189 0000004A 6001            STR              R1, [R0]
  190 0000004C 48AE            LDR              R0, =GPIO_PORTJ_AMSEL_R 
                                                            ; PORT J
  191 0000004E 6001            STR              R1, [R0]
  192 00000050 48AE            LDR              R0, =GPIO_PORTK_AMSEL_R 
                                                            ; PORT K
  193 00000052 6001            STR              R1, [R0]
  194 00000054 48AE            LDR              R0, =GPIO_PORTL_AMSEL_R 
                                                            ; PORT L
  195 00000056 6001            STR              R1, [R0]



ARM Macro Assembler    Page 8 


  196 00000058 48AE            LDR              R0, =GPIO_PORTM_AMSEL_R 
                                                            ; PORT M
  197 0000005A 6001            STR              R1, [R0]
  198 0000005C         ; LDR     R0, =GPIO_PORTN_AMSEL_R  ; PORT N 
  199 0000005C         ; STR     R1, [R0]
  200 0000005C 48AE            LDR              R0, =GPIO_PORTP_AMSEL_R 
                                                            ; PORT P
  201 0000005E 6001            STR              R1, [R0]
  202 00000060 48AE            LDR              R0, =GPIO_PORTQ_AMSEL_R 
                                                            ; PORT Q
  203 00000062 6001            STR              R1, [R0]
  204 00000064         
  205 00000064         
  206 00000064         ; 3. Limpar PCTL para selecionar o GPIO
  207 00000064 F04F 0100       MOV              R1, #0x0
  208 00000068 48AD            LDR              R0, =GPIO_PORTA_PCTL_R ; PORT A
                                                            
  209 0000006A 6001            STR              R1, [R0]
  210 0000006C 48AD            LDR              R0, =GPIO_PORTJ_PCTL_R ; PORT J
                                                            
  211 0000006E 6001            STR              R1, [R0]
  212 00000070 48AD            LDR              R0, =GPIO_PORTK_PCTL_R ; PORT K
                                                            
  213 00000072 6001            STR              R1, [R0]
  214 00000074 48AD            LDR              R0, =GPIO_PORTL_PCTL_R ; PORT L
                                                            
  215 00000076 6001            STR              R1, [R0]
  216 00000078 48AD            LDR              R0, =GPIO_PORTM_PCTL_R ; PORT M
                                                            
  217 0000007A 6001            STR              R1, [R0]
  218 0000007C         ; LDR     R0, =GPIO_PORTN_PCTL_R       ; PORT N
  219 0000007C         ; STR     R1, [R0]   
  220 0000007C 48AD            LDR              R0, =GPIO_PORTP_PCTL_R ; PORT P
                                                            
  221 0000007E 6001            STR              R1, [R0]
  222 00000080 48AD            LDR              R0, =GPIO_PORTQ_PCTL_R ; PORT Q
                                                            
  223 00000082 6001            STR              R1, [R0]
  224 00000084         
  225 00000084         
  226 00000084         ; 4. DIR para 0 se for entrada, 1 se for saída
  227 00000084 48AD            LDR              R0, =GPIO_PORTA_DIR_R ; PORT A
  228 00000086 F04F 01F0       MOV              R1, #2_11110000 
                                                            ;[PA7 .. PA4] SAIDA
                                                            
  229 0000008A 6001            STR              R1, [R0]
  230 0000008C 48AC            LDR              R0, =GPIO_PORTJ_DIR_R ; PORT J
  231 0000008E F04F 0100       MOV              R1, #0x0    ; PJ0 ENTRADA
  232 00000092 6001            STR              R1, [R0]
  233 00000094 48AB            LDR              R0, =GPIO_PORTK_DIR_R ;PORT K
  234 00000096 F04F 01FF       MOV              R1, #2_11111111 
                                                            ;[PK7 .. PK0] Saida
                                                            
  235 0000009A 6001            STR              R1, [R0]
  236 0000009C 48AA            LDR              R0, =GPIO_PORTL_DIR_R ; PORT L
  237 0000009E F04F 0100       MOV              R1, #2_0000 ;[PL3 .. PL0] Entra
                                                            da
  238 000000A2 6001            STR              R1, [R0]
  239 000000A4 48A9            LDR              R0, =GPIO_PORTM_DIR_R ; PORT M



ARM Macro Assembler    Page 9 


  240 000000A6 F04F 0107       MOV              R1, #2_00000111 ;[PM7 .. PM4] E
                                                            ntrada 
  241 000000AA         ;[PM2 .. PM0] SAIDA
  242 000000AA 6001            STR              R1, [R0]
  243 000000AC         ; LDR     R0, =GPIO_PORTN_DIR_R   ; PORT N
  244 000000AC         ; MOV     R1, #2_0010      ; 
  245 000000AC         ;STR     R1, [R0]
  246 000000AC 48A8            LDR              R0, =GPIO_PORTP_DIR_R ; PORT P
  247 000000AE F04F 0120       MOV              R1, #2_100000 ;[PP5] SAIDA
  248 000000B2 6001            STR              R1, [R0]
  249 000000B4 48A7            LDR              R0, =GPIO_PORTQ_DIR_R ; PORT Q
  250 000000B6 F04F 010F       MOV              R1, #2_1111 ;[PQ3 .. PQ0] SAIDA
                                                            
  251 000000BA 6001            STR              R1, [R0]
  252 000000BC         
  253 000000BC         
  254 000000BC         ; 5. Limpar os bits AFSEL para 0 para selecionar GPIO 
  255 000000BC         ;    Sem função alternativa
  256 000000BC F04F 0100       MOV              R1, #0x0
  257 000000C0 48A5            LDR              R0, =GPIO_PORTA_AFSEL_R 
                                                            ; PORT A
  258 000000C2 6001            STR              R1, [R0]
  259 000000C4 48A5            LDR              R0, =GPIO_PORTJ_AFSEL_R 
                                                            ; PORT J
  260 000000C6 6001            STR              R1, [R0]
  261 000000C8 48A5            LDR              R0, =GPIO_PORTK_AFSEL_R 
                                                            ; PORT K
  262 000000CA 6001            STR              R1, [R0]
  263 000000CC 48A5            LDR              R0, =GPIO_PORTL_AFSEL_R 
                                                            ; PORT L
  264 000000CE 6001            STR              R1, [R0]
  265 000000D0 48A5            LDR              R0, =GPIO_PORTM_AFSEL_R 
                                                            ; PORT M
  266 000000D2 6001            STR              R1, [R0]
  267 000000D4         ; LDR     R0, =GPIO_PORTN_AFSEL_R ; PORT N
  268 000000D4         ; STR     R1, [R0]      
  269 000000D4 48A5            LDR              R0, =GPIO_PORTP_AFSEL_R 
                                                            ; PORT P
  270 000000D6 6001            STR              R1, [R0]
  271 000000D8 48A5            LDR              R0, =GPIO_PORTQ_AFSEL_R 
                                                            ; PORT Q
  272 000000DA 6001            STR              R1, [R0]
  273 000000DC         
  274 000000DC         ; 6. Setar os bits de DEN para habilitar I/O digital
  275 000000DC 48A5            LDR              R0, =GPIO_PORTA_DEN_R
  276 000000DE F04F 01F0       MOV              R1, #2_11110000
  277 000000E2 6001            STR              R1, [R0]
  278 000000E4 48A4            LDR              R0, =GPIO_PORTJ_DEN_R
  279 000000E6 F04F 0101       MOV              R1, #2_00000001
  280 000000EA 6001            STR              R1, [R0]
  281 000000EC 48A3            LDR              R0, =GPIO_PORTK_DEN_R
  282 000000EE F04F 01FF       MOV              R1, #2_11111111
  283 000000F2 6001            STR              R1, [R0]
  284 000000F4 48A2            LDR              R0, =GPIO_PORTL_DEN_R
  285 000000F6 F04F 010F       MOV              R1, #2_00001111
  286 000000FA 6001            STR              R1, [R0]
  287 000000FC 48A1            LDR              R0, =GPIO_PORTM_DEN_R
  288 000000FE F04F 01F7       MOV              R1, #2_11110111
  289 00000102 6001            STR              R1, [R0]



ARM Macro Assembler    Page 10 


  290 00000104         ; LDR     R0, =GPIO_PORTN_DEN_R   
  291 00000104         ; MOV     R1, #2_00000001                          
  292 00000104         ; STR     R1, [R0]
  293 00000104 48A0            LDR              R0, =GPIO_PORTP_DEN_R
  294 00000106 F04F 0120       MOV              R1, #2_00100000
  295 0000010A 6001            STR              R1, [R0]
  296 0000010C 489F            LDR              R0, =GPIO_PORTQ_DEN_R
  297 0000010E F04F 010F       MOV              R1, #2_00001111
  298 00000112 6001            STR              R1, [R0]
  299 00000114         
  300 00000114         
  301 00000114         ; 7. Para habilitar resistor de pull-up interno, setar P
                       UR para 1
  302 00000114 489E            LDR              R0, =GPIO_PORTJ_PUR_R
  303 00000116 F04F 0101       MOV              R1, #2_1
  304 0000011A 6001            STR              R1, [R0]
  305 0000011C         
  306 0000011C 489D            LDR              R0, =GPIO_PORTL_PUR_R
  307 0000011E F04F 010F       MOV              R1, #2_1111
  308 00000122 6001            STR              R1, [R0]
  309 00000124         
  310 00000124 4770            BX               LR
  311 00000126         
  312 00000126         
  313 00000126         Interrupt_Init
  314 00000126         
  315 00000126         ;8. Habilitando interrupcoes!!
  316 00000126         
  317 00000126         
  318 00000126         ; Border or level
  319 00000126 489C            LDR              R0, =GPIO_PORTJ_AHB_IS_R
  320 00000128 F04F 0100       MOV              R1, #0
  321 0000012C 6001            STR              R1, [R0]
  322 0000012E         
  323 0000012E         ; Activate in 1 or 2 borders
  324 0000012E 489B            LDR              R0, =GPIO_PORTJ_AHB_IBE_R
  325 00000130 F04F 0100       MOV              R1, #0
  326 00000134 6001            STR              R1, [R0]
  327 00000136         
  328 00000136         ; Activate in rising or lowering border 0 = lowering, 1 
                       = rising
  329 00000136 489A            LDR              R0, =GPIO_PORTJ_AHB_IEV_R
  330 00000138 F04F 0100       MOV              R1, #2_0
  331 0000013C 6001            STR              R1, [R0]
  332 0000013E         
  333 0000013E         ; Enable GPIORIS AND GPIOMIS reset
  334 0000013E 4899            LDR              R0, =GPIO_PORTJ_AHB_ICR_R
  335 00000140 F04F 0101       MOV              R1, #2_1
  336 00000144 6001            STR              R1, [R0]
  337 00000146         
  338 00000146         ; Enable interrupt
  339 00000146 4898            LDR              R0, =GPIO_PORTJ_AHB_IM_R
  340 00000148 F04F 0101       MOV              R1, #2_1
  341 0000014C 6001            STR              R1, [R0]
  342 0000014E         
  343 0000014E         ; Enable interrut in Nvidea
  344 0000014E 4897            LDR              R0, =NVIC_EN1_R
  345 00000150 F04F 0101       MOV              R1, #1
  346 00000154 EA4F 41C1       LSL              R1, R1, #19



ARM Macro Assembler    Page 11 


  347 00000158 6001            STR              R1, [R0]
  348 0000015A         
  349 0000015A         ; Set port interrupt priority
  350 0000015A 4895            LDR              R0, =NVIC_PRI12_R
  351 0000015C F04F 0105       MOV              R1, #5
  352 00000160 EA4F 7141       LSL              R1, R1, #29
  353 00000164 6001            STR              R1, [R0]
  354 00000166         
  355 00000166 4770            BX               LR
  356 00000168         
  357 00000168         Led_Enable
  358 00000168 E92D 1C00       PUSH             {R10, R11, R12}
  359 0000016C         
  360 0000016C F8DF A244       LDR              R10, =GPIO_PORTA_DATA_R
  361 00000170 F04F 0CF0       MOV              R12, #0xF0
  362 00000174 F8CA C000       STR              R12, [R10]
  363 00000178 F8DF A23C       LDR              R10, =GPIO_PORTQ_DATA_R
  364 0000017C F04F 0C0F       MOV              R12, #0x0F
  365 00000180 F8CA C000       STR              R12, [R10]
  366 00000184         
  367 00000184 F8DF B234       LDR              R11, =GPIO_PORTP_DATA_R
  368 00000188         
  369 00000188 F8DB C000       LDR              R12, [R11]
  370 0000018C F02C 0C20       BIC              R12, #2_00100000
  371 00000190 EA4C 0C00       ORR              R12, R0
  372 00000194 F8CB C000       STR              R12, [R11]
  373 00000198         
  374 00000198 E8BD 1C00       POP              {R10, R11, R12}
  375 0000019C         
  376 0000019C 4770            BX               LR
  377 0000019E         
  378 0000019E         Display_Init
  379 0000019E         
  380 0000019E F04F 0038       MOV              R0, #0x38   ; Inicia no modo du
                                                            as linhas 
  381 000001A2 B500            PUSH{LR}
  382 000001A4 F7FF FFFE       BL               Display_Config
  383 000001A8 F85D EB04       POP{LR}
  384 000001AC         
  385 000001AC F04F 0028       MOV              R0, #40
  386 000001B0 B501            PUSH{R0,LR}
  387 000001B2 F7FF FFFE       BL               SysTick_Wait1us
  388 000001B6 E8BD 4001       POP{R0,LR}
  389 000001BA         
  390 000001BA F04F 0006       MOV              R0, #0x06   ; Cursor com autoin
                                                            cremento para direi
                                                            ta
  391 000001BE B500            PUSH{LR}
  392 000001C0 F7FF FFFE       BL               Display_Config
  393 000001C4 F85D EB04       POP{LR}
  394 000001C8         
  395 000001C8 F04F 0028       MOV              R0, #40
  396 000001CC B501            PUSH{R0,LR}
  397 000001CE F7FF FFFE       BL               SysTick_Wait1us
  398 000001D2 E8BD 4001       POP{R0,LR}
  399 000001D6         
  400 000001D6 F04F 000F       MOV              R0, #0x0F   ; Habilita display,
                                                             cursor pisca
  401 000001DA B500            PUSH{LR}



ARM Macro Assembler    Page 12 


  402 000001DC F7FF FFFE       BL               Display_Config
  403 000001E0 F85D EB04       POP{LR}
  404 000001E4         
  405 000001E4 F04F 0028       MOV              R0, #40
  406 000001E8 B501            PUSH{R0,LR}
  407 000001EA F7FF FFFE       BL               SysTick_Wait1us
  408 000001EE E8BD 4001       POP{R0,LR}
  409 000001F2         
  410 000001F2 F04F 0001       MOV              R0, #0x01   ; Reseta e cursor n
                                                            a primeira posição
  411 000001F6 B500            PUSH{LR}
  412 000001F8 F7FF FFFE       BL               Display_Config
  413 000001FC F85D EB04       POP{LR}
  414 00000200         
  415 00000200 F04F 0002       MOV              R0, #2
  416 00000204 B501            PUSH{R0,LR}
  417 00000206 F7FF FFFE       BL               SysTick_Wait1ms
  418 0000020A E8BD 4001       POP{R0,LR}
  419 0000020E         
  420 0000020E 4770            BX               LR
  421 00000210         
  422 00000210         
  423 00000210         Display_Config
  424 00000210         
  425 00000210 B406            PUSH{R1,R2}
  426 00000212 496B            LDR              R1, =GPIO_PORTK_DATA_R ;habilit
                                                            ando os dados da po
                                                            rta K
  427 00000214         
  428 00000214 680A            LDR              R2, [R1]
  429 00000216 F022 02FF       BIC              R2, #0xFF
  430 0000021A EA42 0200       ORR              R2, R0
  431 0000021E 600A            STR              R2, [R1]
  432 00000220         
  433 00000220 F04F 0004       MOV              R0, #2_100  ;
  434 00000224 4967            LDR              R1, =GPIO_PORTM_DATA_R
  435 00000226 680A            LDR              R2, [R1]
  436 00000228 F022 0207       BIC              R2, #2_111
  437 0000022C EA42 0200       ORR              R2, R0
  438 00000230 600A            STR              R2, [R1]
  439 00000232         
  440 00000232 F04F 0002       MOV              R0, #2
  441 00000236 B500            PUSH{LR}
  442 00000238 F7FF FFFE       BL               SysTick_Wait1ms
  443 0000023C F85D EB04       POP{LR}
  444 00000240         
  445 00000240 F04F 0000       MOV              R0, #2_000
  446 00000244 495F            LDR              R1, =GPIO_PORTM_DATA_R
  447 00000246         ;MOV R0, #2_100
  448 00000246 680A            LDR              R2, [R1]
  449 00000248 F022 0207       BIC              R2, #2_111
  450 0000024C EA42 0200       ORR              R2, R0
  451 00000250 600A            STR              R2, [R1]
  452 00000252         
  453 00000252 F04F 0002       MOV              R0, #2
  454 00000256 B500            PUSH{LR}
  455 00000258 F7FF FFFE       BL               SysTick_Wait1ms
  456 0000025C F85D EB04       POP{LR}
  457 00000260         



ARM Macro Assembler    Page 13 


  458 00000260 BC06            POP{R1,R2}
  459 00000262 4770            BX               LR
  460 00000264         
  461 00000264         
  462 00000264         Display_Clear
  463 00000264 B501            PUSH{LR,R0}
  464 00000266 F04F 0001       MOV              R0, #0x01
  465 0000026A B500            PUSH{LR}
  466 0000026C F7FF FFFE       BL               Display_Config
  467 00000270 F85D EB04       POP{LR}
  468 00000274 E8BD 4001       POP{LR,R0}
  469 00000278 4770            BX               LR
  470 0000027A         
  471 0000027A         
  472 0000027A         Display_Write
  473 0000027A B406            PUSH{R1,R2}
  474 0000027C 4950            LDR              R1, =GPIO_PORTK_DATA_R ;habilit
                                                            ando os dados da po
                                                            rta K
  475 0000027E         
  476 0000027E 680A            LDR              R2, [R1]
  477 00000280 F022 02FF       BIC              R2, #0xFF
  478 00000284 EA42 0200       ORR              R2, R0
  479 00000288 600A            STR              R2, [R1]
  480 0000028A         
  481 0000028A F04F 0005       MOV              R0, #2_101  ;EN = 1 RW = 0 RS =
                                                             1
  482 0000028E 494D            LDR              R1, =GPIO_PORTM_DATA_R
  483 00000290 680A            LDR              R2, [R1]
  484 00000292 F022 0207       BIC              R2, #2_111
  485 00000296 EA42 0200       ORR              R2, R0
  486 0000029A 600A            STR              R2, [R1]
  487 0000029C         
  488 0000029C F04F 0002       MOV              R0, #2
  489 000002A0 B501            PUSH{R0,LR}
  490 000002A2 F7FF FFFE       BL               SysTick_Wait1ms
  491 000002A6 E8BD 4001       POP{R0,LR}
  492 000002AA         
  493 000002AA F04F 0001       MOV              R0, #2_001  ;EN = 0 RW = 0 RS =
                                                             1  
  494 000002AE 4945            LDR              R1, =GPIO_PORTM_DATA_R
  495 000002B0         ;MOV R0, #2_100
  496 000002B0 680A            LDR              R2, [R1]
  497 000002B2 F022 0207       BIC              R2, #2_111
  498 000002B6 EA42 0200       ORR              R2, R0
  499 000002BA 600A            STR              R2, [R1]
  500 000002BC         
  501 000002BC F04F 0002       MOV              R0, #2
  502 000002C0 B501            PUSH{R0,LR}
  503 000002C2 F7FF FFFE       BL               SysTick_Wait1ms
  504 000002C6 E8BD 4001       POP{R0,LR}
  505 000002CA         
  506 000002CA BC06            POP{R1,R2}
  507 000002CC 4770            BX               LR
  508 000002CE         
  509 000002CE         
  510 000002CE         
  511 000002CE         PortL_Input
  512 000002CE B403            PUSH{R0,R1}



ARM Macro Assembler    Page 14 


  513 000002D0 493D            LDR              R1, =GPIO_PORTL_DATA_R
  514 000002D2 680A            LDR              R2,[R1]     ;pega qual tecla ta
                                                             pressionada
  515 000002D4 BC03            POP{R0,R1}
  516 000002D6 4770            BX               LR
  517 000002D8         
  518 000002D8         PortM_Output                         ; Fazendo com que a
                                                             coluna que vai ser
                                                             usada receba 0 e a
                                                            s demais 1
  519 000002D8 B407            PUSH{R0,R1,R2}               ; Configura todas a
                                                            s portas que nao va
                                                            o ser usadas como s
                                                            aida
  520 000002DA 493A            LDR              R1, =GPIO_PORTM_DATA_R
  521 000002DC F080 00FF       EOR              R0, #2_11111111
  522 000002E0 6008            STR              R0, [R1]
  523 000002E2 BC07            POP{R0,R1,R2}
  524 000002E4 4770            BX               LR
  525 000002E6         
  526 000002E6         PortM_Dir                            ; Fazendo com que a
                                                             coluna que vai ser
                                                             usada receba 1 e a
                                                            s demais 0     
  527 000002E6 B407            PUSH{R0,R1,R2}               ; Configura a porta
                                                             vai ser usada como
                                                             entrada
  528 000002E8 4918            LDR              R1, =GPIO_PORTM_DIR_R
  529 000002EA 680A            LDR              R2, [R1]
  530 000002EC F022 02F0       BIC              R2, #2_11110000
  531 000002F0 EA40 0002       ORR              R0, R0, R2
  532 000002F4 6008            STR              R0, [R1]
  533 000002F6         
  534 000002F6 BC07            POP{R0,R1,R2}
  535 000002F8 4770            BX               LR
  536 000002FA         
  537 000002FA         
  538 000002FA         
  539 000002FA         
  540 000002FA         ; ------------------------------------------------------
                       -------------------------
  541 000002FA         ; Função PortJ_Input
  542 000002FA         ; Parâmetro de entrada: Não tem
  543 000002FA         ; Parâmetro de saída: R0 --> o valor da leitura
                       
              00 00 400FE608 
              400FEA08 
              40058528 
              40060528 
              40061528 
              40062528 
              40063528 
              40065528 
              40066528 
              4005852C 
              4006052C 
              4006152C 
              4006252C 
              4006352C 



ARM Macro Assembler    Page 15 


              4006552C 
              4006652C 
              40058400 
              40060400 
              40061400 
              40062400 
              40063400 
              40065400 
              40066400 
              40058420 
              40060420 
              40061420 
              40062420 
              40063420 
              40065420 
              40066420 
              4005851C 
              4006051C 
              4006151C 
              4006251C 
              4006351C 
              4006551C 
              4006651C 
              40060510 
              40062510 
              40060404 
              40060408 
              4006040C 
              4006041C 
              40060410 
              E000E104 
              E000E430 
              400583FC 
              400663FC 
              400653FC 
              400613FC 
              400633FC 
              400623FC 
Command Line: --debug --xref --diag_suppress=9931,A1950W --cpu=Cortex-M4.fp.sp 
--depend=.\objects\gpio.d -o.\objects\gpio.o -ID:\Users\pedro\AppData\Local\Arm
\Packs\Keil\TM4C_DFP\1.1.0\Device\Include\TM4C129 --predefine="__EVAL SETA 1" -
-predefine="__UVISION_VERSION SETA 538" --predefine="TM4C1294NCPDT SETA 1" --li
st=.\listings\gpio.lst gpio.s



ARM Macro Assembler    Page 1 Alphabetic symbol ordering
Relocatable symbols

.text 00000000

Symbol: .text
   Definitions
      At line 138 in file gpio.s
   Uses
      None
Comment: .text unused
Display_Clear 00000264

Symbol: Display_Clear
   Definitions
      At line 462 in file gpio.s
   Uses
      At line 148 in file gpio.s
Comment: Display_Clear used once
Display_Config 00000210

Symbol: Display_Config
   Definitions
      At line 423 in file gpio.s
   Uses
      At line 147 in file gpio.s
      At line 382 in file gpio.s
      At line 392 in file gpio.s
      At line 402 in file gpio.s
      At line 412 in file gpio.s
      At line 466 in file gpio.s

Display_Init 0000019E

Symbol: Display_Init
   Definitions
      At line 378 in file gpio.s
   Uses
      At line 146 in file gpio.s
Comment: Display_Init used once
Display_Write 0000027A

Symbol: Display_Write
   Definitions
      At line 472 in file gpio.s
   Uses
      At line 145 in file gpio.s
      At line 149 in file gpio.s

EsperaGPIO 00000022

Symbol: EsperaGPIO
   Definitions
      At line 173 in file gpio.s
   Uses
      At line 183 in file gpio.s
Comment: EsperaGPIO used once
GPIO_Init 00000000

Symbol: GPIO_Init
   Definitions
      At line 159 in file gpio.s



ARM Macro Assembler    Page 2 Alphabetic symbol ordering
Relocatable symbols

   Uses
      At line 141 in file gpio.s
Comment: GPIO_Init used once
Interrupt_Init 00000126

Symbol: Interrupt_Init
   Definitions
      At line 313 in file gpio.s
   Uses
      At line 151 in file gpio.s
Comment: Interrupt_Init used once
Led_Enable 00000168

Symbol: Led_Enable
   Definitions
      At line 357 in file gpio.s
   Uses
      At line 150 in file gpio.s
Comment: Led_Enable used once
PortL_Input 000002CE

Symbol: PortL_Input
   Definitions
      At line 511 in file gpio.s
   Uses
      At line 142 in file gpio.s
Comment: PortL_Input used once
PortM_Dir 000002E6

Symbol: PortM_Dir
   Definitions
      At line 526 in file gpio.s
   Uses
      At line 144 in file gpio.s
Comment: PortM_Dir used once
PortM_Output 000002D8

Symbol: PortM_Output
   Definitions
      At line 518 in file gpio.s
   Uses
      At line 143 in file gpio.s
Comment: PortM_Output used once
12 symbols



ARM Macro Assembler    Page 1 Alphabetic symbol ordering
Absolute symbols

GPIO_PORTA 00000001

Symbol: GPIO_PORTA
   Definitions
      At line 29 in file gpio.s
   Uses
      At line 162 in file gpio.s
      At line 174 in file gpio.s

GPIO_PORTA_AFSEL_R 40058420

Symbol: GPIO_PORTA_AFSEL_R
   Definitions
      At line 24 in file gpio.s
   Uses
      At line 257 in file gpio.s
Comment: GPIO_PORTA_AFSEL_R used once
GPIO_PORTA_AMSEL_R 40058528

Symbol: GPIO_PORTA_AMSEL_R
   Definitions
      At line 21 in file gpio.s
   Uses
      At line 188 in file gpio.s
Comment: GPIO_PORTA_AMSEL_R used once
GPIO_PORTA_CR_R 40058524

Symbol: GPIO_PORTA_CR_R
   Definitions
      At line 20 in file gpio.s
   Uses
      None
Comment: GPIO_PORTA_CR_R unused
GPIO_PORTA_DATA_BITS_R 40058000

Symbol: GPIO_PORTA_DATA_BITS_R
   Definitions
      At line 28 in file gpio.s
   Uses
      None
Comment: GPIO_PORTA_DATA_BITS_R unused
GPIO_PORTA_DATA_R 400583FC

Symbol: GPIO_PORTA_DATA_R
   Definitions
      At line 27 in file gpio.s
   Uses
      At line 360 in file gpio.s
Comment: GPIO_PORTA_DATA_R used once
GPIO_PORTA_DEN_R 4005851C

Symbol: GPIO_PORTA_DEN_R
   Definitions
      At line 25 in file gpio.s
   Uses
      At line 275 in file gpio.s
Comment: GPIO_PORTA_DEN_R used once
GPIO_PORTA_DIR_R 40058400




ARM Macro Assembler    Page 2 Alphabetic symbol ordering
Absolute symbols

Symbol: GPIO_PORTA_DIR_R
   Definitions
      At line 23 in file gpio.s
   Uses
      At line 227 in file gpio.s
Comment: GPIO_PORTA_DIR_R used once
GPIO_PORTA_LOCK_R 40058520

Symbol: GPIO_PORTA_LOCK_R
   Definitions
      At line 19 in file gpio.s
   Uses
      None
Comment: GPIO_PORTA_LOCK_R unused
GPIO_PORTA_PCTL_R 4005852C

Symbol: GPIO_PORTA_PCTL_R
   Definitions
      At line 22 in file gpio.s
   Uses
      At line 208 in file gpio.s
Comment: GPIO_PORTA_PCTL_R used once
GPIO_PORTA_PUR_R 40058510

Symbol: GPIO_PORTA_PUR_R
   Definitions
      At line 26 in file gpio.s
   Uses
      None
Comment: GPIO_PORTA_PUR_R unused
GPIO_PORTJ 00000100

Symbol: GPIO_PORTJ
   Definitions
      At line 42 in file gpio.s
   Uses
      At line 163 in file gpio.s
      At line 175 in file gpio.s

GPIO_PORTJ_AFSEL_R 40060420

Symbol: GPIO_PORTJ_AFSEL_R
   Definitions
      At line 37 in file gpio.s
   Uses
      At line 259 in file gpio.s
Comment: GPIO_PORTJ_AFSEL_R used once
GPIO_PORTJ_AHB_IBE_R 40060408

Symbol: GPIO_PORTJ_AHB_IBE_R
   Definitions
      At line 46 in file gpio.s
   Uses
      At line 324 in file gpio.s
Comment: GPIO_PORTJ_AHB_IBE_R used once
GPIO_PORTJ_AHB_ICR_R 4006041C

Symbol: GPIO_PORTJ_AHB_ICR_R
   Definitions



ARM Macro Assembler    Page 3 Alphabetic symbol ordering
Absolute symbols

      At line 48 in file gpio.s
   Uses
      At line 334 in file gpio.s
Comment: GPIO_PORTJ_AHB_ICR_R used once
GPIO_PORTJ_AHB_IEV_R 4006040C

Symbol: GPIO_PORTJ_AHB_IEV_R
   Definitions
      At line 47 in file gpio.s
   Uses
      At line 329 in file gpio.s
Comment: GPIO_PORTJ_AHB_IEV_R used once
GPIO_PORTJ_AHB_IM_R 40060410

Symbol: GPIO_PORTJ_AHB_IM_R
   Definitions
      At line 44 in file gpio.s
   Uses
      At line 339 in file gpio.s
Comment: GPIO_PORTJ_AHB_IM_R used once
GPIO_PORTJ_AHB_IS_R 40060404

Symbol: GPIO_PORTJ_AHB_IS_R
   Definitions
      At line 45 in file gpio.s
   Uses
      At line 319 in file gpio.s
Comment: GPIO_PORTJ_AHB_IS_R used once
GPIO_PORTJ_AHB_RIS_R 40060414

Symbol: GPIO_PORTJ_AHB_RIS_R
   Definitions
      At line 49 in file gpio.s
   Uses
      None
Comment: GPIO_PORTJ_AHB_RIS_R unused
GPIO_PORTJ_AMSEL_R 40060528

Symbol: GPIO_PORTJ_AMSEL_R
   Definitions
      At line 34 in file gpio.s
   Uses
      At line 190 in file gpio.s
Comment: GPIO_PORTJ_AMSEL_R used once
GPIO_PORTJ_CR_R 40060524

Symbol: GPIO_PORTJ_CR_R
   Definitions
      At line 33 in file gpio.s
   Uses
      None
Comment: GPIO_PORTJ_CR_R unused
GPIO_PORTJ_DATA_BITS_R 40060000

Symbol: GPIO_PORTJ_DATA_BITS_R
   Definitions
      At line 41 in file gpio.s
   Uses
      None



ARM Macro Assembler    Page 4 Alphabetic symbol ordering
Absolute symbols

Comment: GPIO_PORTJ_DATA_BITS_R unused
GPIO_PORTJ_DATA_R 400603FC

Symbol: GPIO_PORTJ_DATA_R
   Definitions
      At line 40 in file gpio.s
   Uses
      None
Comment: GPIO_PORTJ_DATA_R unused
GPIO_PORTJ_DEN_R 4006051C

Symbol: GPIO_PORTJ_DEN_R
   Definitions
      At line 38 in file gpio.s
   Uses
      At line 278 in file gpio.s
Comment: GPIO_PORTJ_DEN_R used once
GPIO_PORTJ_DIR_R 40060400

Symbol: GPIO_PORTJ_DIR_R
   Definitions
      At line 36 in file gpio.s
   Uses
      At line 230 in file gpio.s
Comment: GPIO_PORTJ_DIR_R used once
GPIO_PORTJ_LOCK_R 40060520

Symbol: GPIO_PORTJ_LOCK_R
   Definitions
      At line 32 in file gpio.s
   Uses
      None
Comment: GPIO_PORTJ_LOCK_R unused
GPIO_PORTJ_PCTL_R 4006052C

Symbol: GPIO_PORTJ_PCTL_R
   Definitions
      At line 35 in file gpio.s
   Uses
      At line 210 in file gpio.s
Comment: GPIO_PORTJ_PCTL_R used once
GPIO_PORTJ_PUR_R 40060510

Symbol: GPIO_PORTJ_PUR_R
   Definitions
      At line 39 in file gpio.s
   Uses
      At line 302 in file gpio.s
Comment: GPIO_PORTJ_PUR_R used once
GPIO_PORTK 00000200

Symbol: GPIO_PORTK
   Definitions
      At line 65 in file gpio.s
   Uses
      At line 164 in file gpio.s
      At line 176 in file gpio.s

GPIO_PORTK_AFSEL_R 40061420



ARM Macro Assembler    Page 5 Alphabetic symbol ordering
Absolute symbols


Symbol: GPIO_PORTK_AFSEL_R
   Definitions
      At line 60 in file gpio.s
   Uses
      At line 261 in file gpio.s
Comment: GPIO_PORTK_AFSEL_R used once
GPIO_PORTK_AMSEL_R 40061528

Symbol: GPIO_PORTK_AMSEL_R
   Definitions
      At line 57 in file gpio.s
   Uses
      At line 192 in file gpio.s
Comment: GPIO_PORTK_AMSEL_R used once
GPIO_PORTK_CR_R 40061524

Symbol: GPIO_PORTK_CR_R
   Definitions
      At line 56 in file gpio.s
   Uses
      None
Comment: GPIO_PORTK_CR_R unused
GPIO_PORTK_DATA_BITS_R 40061000

Symbol: GPIO_PORTK_DATA_BITS_R
   Definitions
      At line 64 in file gpio.s
   Uses
      None
Comment: GPIO_PORTK_DATA_BITS_R unused
GPIO_PORTK_DATA_R 400613FC

Symbol: GPIO_PORTK_DATA_R
   Definitions
      At line 63 in file gpio.s
   Uses
      At line 426 in file gpio.s
      At line 474 in file gpio.s

GPIO_PORTK_DEN_R 4006151C

Symbol: GPIO_PORTK_DEN_R
   Definitions
      At line 61 in file gpio.s
   Uses
      At line 281 in file gpio.s
Comment: GPIO_PORTK_DEN_R used once
GPIO_PORTK_DIR_R 40061400

Symbol: GPIO_PORTK_DIR_R
   Definitions
      At line 59 in file gpio.s
   Uses
      At line 233 in file gpio.s
Comment: GPIO_PORTK_DIR_R used once
GPIO_PORTK_LOCK_R 40061520

Symbol: GPIO_PORTK_LOCK_R



ARM Macro Assembler    Page 6 Alphabetic symbol ordering
Absolute symbols

   Definitions
      At line 55 in file gpio.s
   Uses
      None
Comment: GPIO_PORTK_LOCK_R unused
GPIO_PORTK_PCTL_R 4006152C

Symbol: GPIO_PORTK_PCTL_R
   Definitions
      At line 58 in file gpio.s
   Uses
      At line 212 in file gpio.s
Comment: GPIO_PORTK_PCTL_R used once
GPIO_PORTK_PUR_R 40061510

Symbol: GPIO_PORTK_PUR_R
   Definitions
      At line 62 in file gpio.s
   Uses
      None
Comment: GPIO_PORTK_PUR_R unused
GPIO_PORTL 00000400

Symbol: GPIO_PORTL
   Definitions
      At line 78 in file gpio.s
   Uses
      At line 165 in file gpio.s
      At line 177 in file gpio.s

GPIO_PORTL_AFSEL_R 40062420

Symbol: GPIO_PORTL_AFSEL_R
   Definitions
      At line 73 in file gpio.s
   Uses
      At line 263 in file gpio.s
Comment: GPIO_PORTL_AFSEL_R used once
GPIO_PORTL_AMSEL_R 40062528

Symbol: GPIO_PORTL_AMSEL_R
   Definitions
      At line 70 in file gpio.s
   Uses
      At line 194 in file gpio.s
Comment: GPIO_PORTL_AMSEL_R used once
GPIO_PORTL_CR_R 40062524

Symbol: GPIO_PORTL_CR_R
   Definitions
      At line 69 in file gpio.s
   Uses
      None
Comment: GPIO_PORTL_CR_R unused
GPIO_PORTL_DATA_BITS_R 40062000

Symbol: GPIO_PORTL_DATA_BITS_R
   Definitions
      At line 77 in file gpio.s



ARM Macro Assembler    Page 7 Alphabetic symbol ordering
Absolute symbols

   Uses
      None
Comment: GPIO_PORTL_DATA_BITS_R unused
GPIO_PORTL_DATA_R 400623FC

Symbol: GPIO_PORTL_DATA_R
   Definitions
      At line 76 in file gpio.s
   Uses
      At line 513 in file gpio.s
Comment: GPIO_PORTL_DATA_R used once
GPIO_PORTL_DEN_R 4006251C

Symbol: GPIO_PORTL_DEN_R
   Definitions
      At line 74 in file gpio.s
   Uses
      At line 284 in file gpio.s
Comment: GPIO_PORTL_DEN_R used once
GPIO_PORTL_DIR_R 40062400

Symbol: GPIO_PORTL_DIR_R
   Definitions
      At line 72 in file gpio.s
   Uses
      At line 236 in file gpio.s
Comment: GPIO_PORTL_DIR_R used once
GPIO_PORTL_LOCK_R 40062520

Symbol: GPIO_PORTL_LOCK_R
   Definitions
      At line 68 in file gpio.s
   Uses
      None
Comment: GPIO_PORTL_LOCK_R unused
GPIO_PORTL_PCTL_R 4006252C

Symbol: GPIO_PORTL_PCTL_R
   Definitions
      At line 71 in file gpio.s
   Uses
      At line 214 in file gpio.s
Comment: GPIO_PORTL_PCTL_R used once
GPIO_PORTL_PUR_R 40062510

Symbol: GPIO_PORTL_PUR_R
   Definitions
      At line 75 in file gpio.s
   Uses
      At line 306 in file gpio.s
Comment: GPIO_PORTL_PUR_R used once
GPIO_PORTM 00000800

Symbol: GPIO_PORTM
   Definitions
      At line 91 in file gpio.s
   Uses
      At line 166 in file gpio.s
      At line 178 in file gpio.s



ARM Macro Assembler    Page 8 Alphabetic symbol ordering
Absolute symbols


GPIO_PORTM_AFSEL_R 40063420

Symbol: GPIO_PORTM_AFSEL_R
   Definitions
      At line 86 in file gpio.s
   Uses
      At line 265 in file gpio.s
Comment: GPIO_PORTM_AFSEL_R used once
GPIO_PORTM_AMSEL_R 40063528

Symbol: GPIO_PORTM_AMSEL_R
   Definitions
      At line 83 in file gpio.s
   Uses
      At line 196 in file gpio.s
Comment: GPIO_PORTM_AMSEL_R used once
GPIO_PORTM_CR_R 40063524

Symbol: GPIO_PORTM_CR_R
   Definitions
      At line 82 in file gpio.s
   Uses
      None
Comment: GPIO_PORTM_CR_R unused
GPIO_PORTM_DATA_BITS_R 40063000

Symbol: GPIO_PORTM_DATA_BITS_R
   Definitions
      At line 90 in file gpio.s
   Uses
      None
Comment: GPIO_PORTM_DATA_BITS_R unused
GPIO_PORTM_DATA_R 400633FC

Symbol: GPIO_PORTM_DATA_R
   Definitions
      At line 89 in file gpio.s
   Uses
      At line 434 in file gpio.s
      At line 446 in file gpio.s
      At line 482 in file gpio.s
      At line 494 in file gpio.s
      At line 520 in file gpio.s

GPIO_PORTM_DEN_R 4006351C

Symbol: GPIO_PORTM_DEN_R
   Definitions
      At line 87 in file gpio.s
   Uses
      At line 287 in file gpio.s
Comment: GPIO_PORTM_DEN_R used once
GPIO_PORTM_DIR_R 40063400

Symbol: GPIO_PORTM_DIR_R
   Definitions
      At line 85 in file gpio.s
   Uses



ARM Macro Assembler    Page 9 Alphabetic symbol ordering
Absolute symbols

      At line 239 in file gpio.s
      At line 528 in file gpio.s

GPIO_PORTM_LOCK_R 40063520

Symbol: GPIO_PORTM_LOCK_R
   Definitions
      At line 81 in file gpio.s
   Uses
      None
Comment: GPIO_PORTM_LOCK_R unused
GPIO_PORTM_PCTL_R 4006352C

Symbol: GPIO_PORTM_PCTL_R
   Definitions
      At line 84 in file gpio.s
   Uses
      At line 216 in file gpio.s
Comment: GPIO_PORTM_PCTL_R used once
GPIO_PORTM_PUR_R 40063510

Symbol: GPIO_PORTM_PUR_R
   Definitions
      At line 88 in file gpio.s
   Uses
      None
Comment: GPIO_PORTM_PUR_R unused
GPIO_PORTP 00002000

Symbol: GPIO_PORTP
   Definitions
      At line 117 in file gpio.s
   Uses
      At line 168 in file gpio.s
      At line 180 in file gpio.s

GPIO_PORTP_AFSEL_R 40065420

Symbol: GPIO_PORTP_AFSEL_R
   Definitions
      At line 112 in file gpio.s
   Uses
      At line 269 in file gpio.s
Comment: GPIO_PORTP_AFSEL_R used once
GPIO_PORTP_AMSEL_R 40065528

Symbol: GPIO_PORTP_AMSEL_R
   Definitions
      At line 109 in file gpio.s
   Uses
      At line 200 in file gpio.s
Comment: GPIO_PORTP_AMSEL_R used once
GPIO_PORTP_CR_R 40065524

Symbol: GPIO_PORTP_CR_R
   Definitions
      At line 108 in file gpio.s
   Uses
      None



ARM Macro Assembler    Page 10 Alphabetic symbol ordering
Absolute symbols

Comment: GPIO_PORTP_CR_R unused
GPIO_PORTP_DATA_BITS_R 40065000

Symbol: GPIO_PORTP_DATA_BITS_R
   Definitions
      At line 116 in file gpio.s
   Uses
      None
Comment: GPIO_PORTP_DATA_BITS_R unused
GPIO_PORTP_DATA_R 400653FC

Symbol: GPIO_PORTP_DATA_R
   Definitions
      At line 115 in file gpio.s
   Uses
      At line 367 in file gpio.s
Comment: GPIO_PORTP_DATA_R used once
GPIO_PORTP_DEN_R 4006551C

Symbol: GPIO_PORTP_DEN_R
   Definitions
      At line 113 in file gpio.s
   Uses
      At line 293 in file gpio.s
Comment: GPIO_PORTP_DEN_R used once
GPIO_PORTP_DIR_R 40065400

Symbol: GPIO_PORTP_DIR_R
   Definitions
      At line 111 in file gpio.s
   Uses
      At line 246 in file gpio.s
Comment: GPIO_PORTP_DIR_R used once
GPIO_PORTP_LOCK_R 40065520

Symbol: GPIO_PORTP_LOCK_R
   Definitions
      At line 107 in file gpio.s
   Uses
      None
Comment: GPIO_PORTP_LOCK_R unused
GPIO_PORTP_PCTL_R 4006552C

Symbol: GPIO_PORTP_PCTL_R
   Definitions
      At line 110 in file gpio.s
   Uses
      At line 220 in file gpio.s
Comment: GPIO_PORTP_PCTL_R used once
GPIO_PORTP_PUR_R 40065510

Symbol: GPIO_PORTP_PUR_R
   Definitions
      At line 114 in file gpio.s
   Uses
      None
Comment: GPIO_PORTP_PUR_R unused
GPIO_PORTQ 00004000




ARM Macro Assembler    Page 11 Alphabetic symbol ordering
Absolute symbols

Symbol: GPIO_PORTQ
   Definitions
      At line 130 in file gpio.s
   Uses
      At line 169 in file gpio.s
      At line 181 in file gpio.s

GPIO_PORTQ_AFSEL_R 40066420

Symbol: GPIO_PORTQ_AFSEL_R
   Definitions
      At line 125 in file gpio.s
   Uses
      At line 271 in file gpio.s
Comment: GPIO_PORTQ_AFSEL_R used once
GPIO_PORTQ_AMSEL_R 40066528

Symbol: GPIO_PORTQ_AMSEL_R
   Definitions
      At line 122 in file gpio.s
   Uses
      At line 202 in file gpio.s
Comment: GPIO_PORTQ_AMSEL_R used once
GPIO_PORTQ_CR_R 40066524

Symbol: GPIO_PORTQ_CR_R
   Definitions
      At line 121 in file gpio.s
   Uses
      None
Comment: GPIO_PORTQ_CR_R unused
GPIO_PORTQ_DATA_BITS_R 40066000

Symbol: GPIO_PORTQ_DATA_BITS_R
   Definitions
      At line 129 in file gpio.s
   Uses
      None
Comment: GPIO_PORTQ_DATA_BITS_R unused
GPIO_PORTQ_DATA_R 400663FC

Symbol: GPIO_PORTQ_DATA_R
   Definitions
      At line 128 in file gpio.s
   Uses
      At line 363 in file gpio.s
Comment: GPIO_PORTQ_DATA_R used once
GPIO_PORTQ_DEN_R 4006651C

Symbol: GPIO_PORTQ_DEN_R
   Definitions
      At line 126 in file gpio.s
   Uses
      At line 296 in file gpio.s
Comment: GPIO_PORTQ_DEN_R used once
GPIO_PORTQ_DIR_R 40066400

Symbol: GPIO_PORTQ_DIR_R
   Definitions



ARM Macro Assembler    Page 12 Alphabetic symbol ordering
Absolute symbols

      At line 124 in file gpio.s
   Uses
      At line 249 in file gpio.s
Comment: GPIO_PORTQ_DIR_R used once
GPIO_PORTQ_LOCK_R 40066520

Symbol: GPIO_PORTQ_LOCK_R
   Definitions
      At line 120 in file gpio.s
   Uses
      None
Comment: GPIO_PORTQ_LOCK_R unused
GPIO_PORTQ_PCTL_R 4006652C

Symbol: GPIO_PORTQ_PCTL_R
   Definitions
      At line 123 in file gpio.s
   Uses
      At line 222 in file gpio.s
Comment: GPIO_PORTQ_PCTL_R used once
GPIO_PORTQ_PUR_R 40066510

Symbol: GPIO_PORTQ_PUR_R
   Definitions
      At line 127 in file gpio.s
   Uses
      None
Comment: GPIO_PORTQ_PUR_R unused
NVIC_EN1_R E000E104

Symbol: NVIC_EN1_R
   Definitions
      At line 51 in file gpio.s
   Uses
      At line 344 in file gpio.s
Comment: NVIC_EN1_R used once
NVIC_PRI12_R E000E430

Symbol: NVIC_PRI12_R
   Definitions
      At line 52 in file gpio.s
   Uses
      At line 350 in file gpio.s
Comment: NVIC_PRI12_R used once
SYSCTL_PRGPIO_R 400FEA08

Symbol: SYSCTL_PRGPIO_R
   Definitions
      At line 15 in file gpio.s
   Uses
      At line 172 in file gpio.s
Comment: SYSCTL_PRGPIO_R used once
SYSCTL_RCGCGPIO_R 400FE608

Symbol: SYSCTL_RCGCGPIO_R
   Definitions
      At line 14 in file gpio.s
   Uses
      At line 161 in file gpio.s



ARM Macro Assembler    Page 13 Alphabetic symbol ordering
Absolute symbols

Comment: SYSCTL_RCGCGPIO_R used once
87 symbols



ARM Macro Assembler    Page 1 Alphabetic symbol ordering
External symbols

SysTick_Wait1ms 00000000

Symbol: SysTick_Wait1ms
   Definitions
      At line 152 in file gpio.s
   Uses
      At line 417 in file gpio.s
      At line 442 in file gpio.s
      At line 455 in file gpio.s
      At line 490 in file gpio.s
      At line 503 in file gpio.s

SysTick_Wait1us 00000000

Symbol: SysTick_Wait1us
   Definitions
      At line 153 in file gpio.s
   Uses
      At line 387 in file gpio.s
      At line 397 in file gpio.s
      At line 407 in file gpio.s

2 symbols
437 symbols in table
