


ARM Macro Assembler    Page 1 


    1 00000000         ; gpio.s
    2 00000000         ; Desenvolvido para a placa EK-TM4C1294XL
    3 00000000         ; Prof. Guilherme Peron
    4 00000000         ; Ver 1 19/03/2018
    5 00000000         ; Ver 2 26/08/2018
    6 00000000         
    7 00000000         ; ------------------------------------------------------
                       -------------------------
    8 00000000                 THUMB                        ; Instruï¿½ï¿½es do
                                                             tipo Thumb-2
    9 00000000         ; ------------------------------------------------------
                       -------------------------
   10 00000000         ; Declaraï¿½ï¿½es EQU - Defines
   11 00000000         ; ========================
   12 00000000         ; ========================
   13 00000000         ; Definiï¿½ï¿½es dos Registradores Gerais
   14 00000000 400FE608 
                       SYSCTL_RCGCGPIO_R
                               EQU              0x400FE608
   15 00000000 400FEA08 
                       SYSCTL_PRGPIO_R
                               EQU              0x400FEA08
   16 00000000         ; ========================
   17 00000000         ; Definiï¿½ï¿½es dos Ports
   18 00000000         ; PORT A
   19 00000000 40058520 
                       GPIO_PORTA_LOCK_R
                               EQU              0x40058520
   20 00000000 40058524 
                       GPIO_PORTA_CR_R
                               EQU              0x40058524
   21 00000000 40058528 
                       GPIO_PORTA_AMSEL_R
                               EQU              0x40058528
   22 00000000 4005852C 
                       GPIO_PORTA_PCTL_R
                               EQU              0x4005852C
   23 00000000 40058400 
                       GPIO_PORTA_DIR_R
                               EQU              0x40058400
   24 00000000 40058420 
                       GPIO_PORTA_AFSEL_R
                               EQU              0x40058420
   25 00000000 4005851C 
                       GPIO_PORTA_DEN_R
                               EQU              0x4005851C
   26 00000000 40058510 
                       GPIO_PORTA_PUR_R
                               EQU              0x40058510
   27 00000000 400583FC 
                       GPIO_PORTA_DATA_R
                               EQU              0x400583FC
   28 00000000 40058000 
                       GPIO_PORTA_DATA_BITS_R
                               EQU              0x40058000
   29 00000000 00000001 
                       GPIO_PORTA
                               EQU              2_000000000000001
   30 00000000         



ARM Macro Assembler    Page 2 


   31 00000000         ; PORT J
   32 00000000 40060520 
                       GPIO_PORTJ_LOCK_R
                               EQU              0x40060520
   33 00000000 40060524 
                       GPIO_PORTJ_CR_R
                               EQU              0x40060524
   34 00000000 40060528 
                       GPIO_PORTJ_AMSEL_R
                               EQU              0x40060528
   35 00000000 4006052C 
                       GPIO_PORTJ_PCTL_R
                               EQU              0x4006052C
   36 00000000 40060400 
                       GPIO_PORTJ_DIR_R
                               EQU              0x40060400
   37 00000000 40060420 
                       GPIO_PORTJ_AFSEL_R
                               EQU              0x40060420
   38 00000000 4006051C 
                       GPIO_PORTJ_DEN_R
                               EQU              0x4006051C
   39 00000000 40060510 
                       GPIO_PORTJ_PUR_R
                               EQU              0x40060510
   40 00000000 400603FC 
                       GPIO_PORTJ_DATA_R
                               EQU              0x400603FC
   41 00000000 40060000 
                       GPIO_PORTJ_DATA_BITS_R
                               EQU              0x40060000
   42 00000000 00000100 
                       GPIO_PORTJ
                               EQU              2_000000100000000
   43 00000000         ; Interrupt Port J
   44 00000000 40060410 
                       GPIO_PORTJ_AHB_IM_R
                               EQU              0x40060410
   45 00000000 40060404 
                       GPIO_PORTJ_AHB_IS_R
                               EQU              0x40060404
   46 00000000 40060408 
                       GPIO_PORTJ_AHB_IBE_R
                               EQU              0x40060408
   47 00000000 4006040C 
                       GPIO_PORTJ_AHB_IEV_R
                               EQU              0x4006040C
   48 00000000 4006041C 
                       GPIO_PORTJ_AHB_ICR_R
                               EQU              0x4006041C
   49 00000000 40060414 
                       GPIO_PORTJ_AHB_RIS_R
                               EQU              0x40060414
   50 00000000         
   51 00000000 E000E104 
                       NVIC_EN1_R
                               EQU              0xE000E104
   52 00000000 E000E430 
                       NVIC_PRI12_R



ARM Macro Assembler    Page 3 


                               EQU              0xE000E430
   53 00000000         
   54 00000000         ; PORT K
   55 00000000 40061520 
                       GPIO_PORTK_LOCK_R
                               EQU              0x40061520
   56 00000000 40061524 
                       GPIO_PORTK_CR_R
                               EQU              0x40061524
   57 00000000 40061528 
                       GPIO_PORTK_AMSEL_R
                               EQU              0x40061528
   58 00000000 4006152C 
                       GPIO_PORTK_PCTL_R
                               EQU              0x4006152C
   59 00000000 40061400 
                       GPIO_PORTK_DIR_R
                               EQU              0x40061400
   60 00000000 40061420 
                       GPIO_PORTK_AFSEL_R
                               EQU              0x40061420
   61 00000000 4006151C 
                       GPIO_PORTK_DEN_R
                               EQU              0x4006151C
   62 00000000 40061510 
                       GPIO_PORTK_PUR_R
                               EQU              0x40061510
   63 00000000 400613FC 
                       GPIO_PORTK_DATA_R
                               EQU              0x400613FC
   64 00000000 40061000 
                       GPIO_PORTK_DATA_BITS_R
                               EQU              0x40061000
   65 00000000 00000200 
                       GPIO_PORTK
                               EQU              2_000001000000000
   66 00000000         
   67 00000000         ; PORT L
   68 00000000 40062520 
                       GPIO_PORTL_LOCK_R
                               EQU              0x40062520
   69 00000000 40062524 
                       GPIO_PORTL_CR_R
                               EQU              0x40062524
   70 00000000 40062528 
                       GPIO_PORTL_AMSEL_R
                               EQU              0x40062528
   71 00000000 4006252C 
                       GPIO_PORTL_PCTL_R
                               EQU              0x4006252C
   72 00000000 40062400 
                       GPIO_PORTL_DIR_R
                               EQU              0x40062400
   73 00000000 40062420 
                       GPIO_PORTL_AFSEL_R
                               EQU              0x40062420
   74 00000000 4006251C 
                       GPIO_PORTL_DEN_R
                               EQU              0x4006251C



ARM Macro Assembler    Page 4 


   75 00000000 40062510 
                       GPIO_PORTL_PUR_R
                               EQU              0x40062510
   76 00000000 400623FC 
                       GPIO_PORTL_DATA_R
                               EQU              0x400623FC
   77 00000000 40062000 
                       GPIO_PORTL_DATA_BITS_R
                               EQU              0x40062000
   78 00000000 00000400 
                       GPIO_PORTL
                               EQU              2_000010000000000
   79 00000000         
   80 00000000         ; PORT M
   81 00000000 40063520 
                       GPIO_PORTM_LOCK_R
                               EQU              0x40063520
   82 00000000 40063524 
                       GPIO_PORTM_CR_R
                               EQU              0x40063524
   83 00000000 40063528 
                       GPIO_PORTM_AMSEL_R
                               EQU              0x40063528
   84 00000000 4006352C 
                       GPIO_PORTM_PCTL_R
                               EQU              0x4006352C
   85 00000000 40063400 
                       GPIO_PORTM_DIR_R
                               EQU              0x40063400
   86 00000000 40063420 
                       GPIO_PORTM_AFSEL_R
                               EQU              0x40063420
   87 00000000 4006351C 
                       GPIO_PORTM_DEN_R
                               EQU              0x4006351C
   88 00000000 40063510 
                       GPIO_PORTM_PUR_R
                               EQU              0x40063510
   89 00000000 400633FC 
                       GPIO_PORTM_DATA_R
                               EQU              0x400633FC
   90 00000000 40063000 
                       GPIO_PORTM_DATA_BITS_R
                               EQU              0x40063000
   91 00000000 00000800 
                       GPIO_PORTM
                               EQU              2_000100000000000
   92 00000000         
   93 00000000         ;; PORT N
   94 00000000         ;GPIO_PORTN_LOCK_R     EQU    0x40064520
   95 00000000         ;GPIO_PORTN_CR_R       EQU    0x40064524
   96 00000000         ;GPIO_PORTN_AMSEL_R    EQU    0x40064528
   97 00000000         ;GPIO_PORTN_PCTL_R     EQU    0x4006452C
   98 00000000         ;GPIO_PORTN_DIR_R      EQU    0x40064400
   99 00000000         ;GPIO_PORTN_AFSEL_R    EQU    0x40064420
  100 00000000         ;GPIO_PORTN_DEN_R      EQU    0x4006451C
  101 00000000         ;GPIO_PORTN_PUR_R      EQU    0x40064510 
  102 00000000         ;GPIO_PORTN_DATA_R     EQU    0x400643FC
  103 00000000         ;GPIO_PORTN_DATA_BITS_R  EQU    0x40064000



ARM Macro Assembler    Page 5 


  104 00000000         ;GPIO_PORTN              EQU    2_001000000000000
  105 00000000         
  106 00000000         ; PORT P
  107 00000000 40065520 
                       GPIO_PORTP_LOCK_R
                               EQU              0x40065520
  108 00000000 40065524 
                       GPIO_PORTP_CR_R
                               EQU              0x40065524
  109 00000000 40065528 
                       GPIO_PORTP_AMSEL_R
                               EQU              0x40065528
  110 00000000 4006552C 
                       GPIO_PORTP_PCTL_R
                               EQU              0x4006552C
  111 00000000 40065400 
                       GPIO_PORTP_DIR_R
                               EQU              0x40065400
  112 00000000 40065420 
                       GPIO_PORTP_AFSEL_R
                               EQU              0x40065420
  113 00000000 4006551C 
                       GPIO_PORTP_DEN_R
                               EQU              0x4006551C
  114 00000000 40065510 
                       GPIO_PORTP_PUR_R
                               EQU              0x40065510
  115 00000000 400653FC 
                       GPIO_PORTP_DATA_R
                               EQU              0x400653FC
  116 00000000 40065000 
                       GPIO_PORTP_DATA_BITS_R
                               EQU              0x40065000
  117 00000000 00002000 
                       GPIO_PORTP
                               EQU              2_010000000000000
  118 00000000         
  119 00000000         ; PORT Q
  120 00000000 40066520 
                       GPIO_PORTQ_LOCK_R
                               EQU              0x40066520
  121 00000000 40066524 
                       GPIO_PORTQ_CR_R
                               EQU              0x40066524
  122 00000000 40066528 
                       GPIO_PORTQ_AMSEL_R
                               EQU              0x40066528
  123 00000000 4006652C 
                       GPIO_PORTQ_PCTL_R
                               EQU              0x4006652C
  124 00000000 40066400 
                       GPIO_PORTQ_DIR_R
                               EQU              0x40066400
  125 00000000 40066420 
                       GPIO_PORTQ_AFSEL_R
                               EQU              0x40066420
  126 00000000 4006651C 
                       GPIO_PORTQ_DEN_R
                               EQU              0x4006651C



ARM Macro Assembler    Page 6 


  127 00000000 40066510 
                       GPIO_PORTQ_PUR_R
                               EQU              0x40066510
  128 00000000 400663FC 
                       GPIO_PORTQ_DATA_R
                               EQU              0x400663FC
  129 00000000 40066000 
                       GPIO_PORTQ_DATA_BITS_R
                               EQU              0x40066000
  130 00000000 00004000 
                       GPIO_PORTQ
                               EQU              2_100000000000000
  131 00000000         
  132 00000000         
  133 00000000         
  134 00000000         
  135 00000000         ; ------------------------------------------------------
                       -------------------------
  136 00000000         ; ï¿½rea de Cï¿½digo - Tudo abaixo da diretiva a seguir 
                       serï¿½ armazenado na memï¿½ria de 
  137 00000000         ;                  cï¿½digo
  138 00000000                 AREA             |.text|, CODE, READONLY, ALIGN=
2
  139 00000000         
  140 00000000         ; Se alguma funï¿½ï¿½o do arquivo for chamada em outro a
                       rquivo 
  141 00000000                 EXPORT           Display_Write
  142 00000000                 EXPORT           Display_Init
  143 00000000                 EXPORT           Display_Config
  144 00000000                 EXPORT           Display_Clear
  145 00000000                 EXPORT           LCD_GPIOinit
  146 00000000                 EXPORT           EscreveTextoLCD
  147 00000000                 EXPORT           PulaSegundaLinha
  148 00000000         
  149 00000000                 IMPORT           SysTick_Wait1ms
  150 00000000                 IMPORT           SysTick_Wait1us
  151 00000000         
  152 00000000         ;-------------------------------------------------------
                       -------------------------
  153 00000000         ; Funï¿½ï¿½o GPIO_Init
  154 00000000         ; Parï¿½metro de entrada: Nï¿½o tem
  155 00000000         ; Parï¿½metro de saï¿½da: Nï¿½o tem
  156 00000000         LCD_GPIOinit
  157 00000000         ; 1. Ativar o clock para a porta setando o bit correspon
                       dente no registrador RCGCGPIO,
  158 00000000 4887            LDR              R0, =SYSCTL_RCGCGPIO_R ;carrega
                                                             o endereco do regi
                                                            strador RCGCGPIO
  159 00000002 6801            LDR              R1, [R0]    ;carrega dado do re
                                                            gistrador
  160 00000004 F441 7100       ORR              R1, #GPIO_PORTK ;seta apenas pi
                                                            nos da porta dos PI
                                                            NOS DE DADOS LCD 
  161 00000008 F441 6100       ORR              R1, #GPIO_PORTM ;seta apenas pi
                                                            nos da porta dos PI
                                                            NOS DE COMANDO LCD 
                                                            
  162 0000000C 6001            STR              R1, [R0]    ;move para a memori
                                                            a os bits das porta



ARM Macro Assembler    Page 7 


                                                            s no endereco do RC
                                                            GCGPIO
  163 0000000E         
  164 0000000E         ; verificar no PRGPIO se a porta esta pronta para uso.
  165 0000000E 4885            LDR              R0, =SYSCTL_PRGPIO_R ;carrega o
                                                             endereco do PRGPIO
                                                             para esperar os GP
                                                            IO ficarem prontos
  166 00000010         Espera_porta
  167 00000010 6801            LDR              R1, [R0]    ;le da memoria o co
                                                            nteudo do endere?o 
                                                            do registrador
  168 00000012 F44F 7200       MOV              R2, #GPIO_PORTK ;LCD - PINOS DE
                                                             DADOS
  169 00000016 F442 6200       ORR              R2, #GPIO_PORTM ;LCD - PINOS DE
                                                             COMANDO
  170 0000001A EA01 0102       AND              R1, R1, R2  ;seleciona apenas o
                                                            s pinos de porta de
                                                             comparacao
  171 0000001E 4211            TST              R1, R2      ;ANDS de R1 com R2
  172 00000020 D0F6            BEQ              Espera_porta ;Se o flag Z=1, vo
                                                            lta para o laco. Se
                                                            n?o continua execut
                                                            ando
  173 00000022         
  174 00000022         ; 2. Limpar o AMSEL para desabilitar a anal?gica
  175 00000022 4881            LDR              R0, =GPIO_PORTK_AMSEL_R ;LCD - 
                                                            PINOS DE DADOS
  176 00000024 6801            LDR              R1, [R0]
  177 00000026 F021 01FF       BIC              R1, #0xFF   ; Pinos PK0 a PK7 =
                                                             0: desabilita anal
                                                            ogica
  178 0000002A 6001            STR              R1, [R0]
  179 0000002C         
  180 0000002C 487F            LDR              R0, =GPIO_PORTM_AMSEL_R ;LCD - 
                                                            PINOS DE COMANDOS
  181 0000002E 6801            LDR              R1, [R0]
  182 00000030 F021 0107       BIC              R1, #2_111  ; Pinos M0 a M2 = 0
                                                            : desabilita analog
                                                            ica
  183 00000034 6001            STR              R1, [R0]
  184 00000036         
  185 00000036         ; 3. Limpar PCTL para selecionar o GPIO
  186 00000036 487E            LDR              R0, =GPIO_PORTK_PCTL_R ;LCD - P
                                                            INOS DE DADOS
  187 00000038 6801            LDR              R1, [R0]
  188 0000003A F021 01FF       BIC              R1, #0xFF   ; Pinos PK0 a PK7 =
                                                             0: seleciona modo 
                                                            GPIO
  189 0000003E 6001            STR              R1, [R0]
  190 00000040         
  191 00000040 487C            LDR              R0, =GPIO_PORTM_PCTL_R ;LCD - P
                                                            INOS DE COMANDOS
  192 00000042 6801            LDR              R1, [R0]
  193 00000044 F021 0107       BIC              R1, #2_111  ; Pinos M0 a M2 = 0
                                                            : seleciona modo GP
                                                            IO
  194 00000048 6001            STR              R1, [R0]
  195 0000004A         



ARM Macro Assembler    Page 8 


  196 0000004A         ; 4. DIR para 0: input (BIC), 1: output (ORR)
  197 0000004A 487B            LDR              R0, =GPIO_PORTK_DIR_R
  198 0000004C 6801            LDR              R1, [R0]
  199 0000004E F041 01FF       ORR              R1, R1, #0xFF ; pinos PK0 a PK7
                                                             = 1: output
  200 00000052 6001            STR              R1, [R0]
  201 00000054         
  202 00000054 4879            LDR              R0, =GPIO_PORTM_DIR_R
  203 00000056 6801            LDR              R1, [R0]
  204 00000058 F041 0107       ORR              R1, R1, #2_111 ; pinos M0 a M2 
                                                            = 1: output
  205 0000005C 6001            STR              R1, [R0]
  206 0000005E         
  207 0000005E         ; 5. Limpar os bits AFSEL para 0 para selecionar GPIO se
                       m funcao alternativa
  208 0000005E 4878            LDR              R0, =GPIO_PORTK_AFSEL_R
  209 00000060 6801            LDR              R1, [R0]
  210 00000062 F021 01FF       BIC              R1, R1, #0xFF ; pinos PK0 a PK7
                                                             = 0: sem funcao al
                                                            ternativa
  211 00000066 6001            STR              R1, [R0]
  212 00000068         
  213 00000068 4876            LDR              R0, =GPIO_PORTM_AFSEL_R
  214 0000006A 6801            LDR              R1, [R0]
  215 0000006C F021 0107       BIC              R1, R1, #2_111 ;pinos M0 a M2 =
                                                             0: sem funcao alte
                                                            rnativa
  216 00000070 6001            STR              R1, [R0]
  217 00000072         
  218 00000072         ; 6. Setar os bits de DEN para habilitar I/O digital
  219 00000072 4875            LDR              R0, =GPIO_PORTK_DEN_R ;LCD - PI
                                                            NOS DE DADOS
  220 00000074 6801            LDR              R1, [R0]
  221 00000076 F041 01FF       ORR              R1, R1, #0xFF ; pinos K0 a K7 =
                                                             1: habilita I/O di
                                                            gital
  222 0000007A 6001            STR              R1, [R0]
  223 0000007C         
  224 0000007C 4873            LDR              R0, =GPIO_PORTM_DEN_R ;LCD - PI
                                                            NOS DE COMANDOS
  225 0000007E 6801            LDR              R1, [R0]
  226 00000080 F041 0107       ORR              R1, R1, #2_111 ; pinos M0 a M3 
                                                            = 1 : habilita I/O 
                                                            digital
  227 00000084 6001            STR              R1, [R0]
  228 00000086         
  229 00000086         ; 7. Para habilitar resistor de pull-up interno, setar P
                       UR para 1
  230 00000086         ; N/A
  231 00000086         
  232 00000086 4770            BX               LR
  233 00000088         
  234 00000088         
  235 00000088         Display_Init
  236 00000088         
  237 00000088 F04F 0038       MOV              R0, #0x38   ; Inicia no modo du
                                                            as linhas 
  238 0000008C B500            PUSH{LR}
  239 0000008E F7FF FFFE       BL               Display_Config



ARM Macro Assembler    Page 9 


  240 00000092 F85D EB04       POP{LR}
  241 00000096         
  242 00000096 F04F 0028       MOV              R0, #40
  243 0000009A B501            PUSH{R0,LR}
  244 0000009C F7FF FFFE       BL               SysTick_Wait1us
  245 000000A0 E8BD 4001       POP{R0,LR}
  246 000000A4         
  247 000000A4 F04F 0006       MOV              R0, #0x06   ; Cursor com autoin
                                                            cremento para direi
                                                            ta
  248 000000A8 B500            PUSH{LR}
  249 000000AA F7FF FFFE       BL               Display_Config
  250 000000AE F85D EB04       POP{LR}
  251 000000B2         
  252 000000B2 F04F 0028       MOV              R0, #40
  253 000000B6 B501            PUSH{R0,LR}
  254 000000B8 F7FF FFFE       BL               SysTick_Wait1us
  255 000000BC E8BD 4001       POP{R0,LR}
  256 000000C0         
  257 000000C0 F04F 000F       MOV              R0, #0x0F   ; Habilita display,
                                                             cursor pisca
  258 000000C4 B500            PUSH{LR}
  259 000000C6 F7FF FFFE       BL               Display_Config
  260 000000CA F85D EB04       POP{LR}
  261 000000CE         
  262 000000CE F04F 0028       MOV              R0, #40
  263 000000D2 B501            PUSH{R0,LR}
  264 000000D4 F7FF FFFE       BL               SysTick_Wait1us
  265 000000D8 E8BD 4001       POP{R0,LR}
  266 000000DC         
  267 000000DC F04F 0001       MOV              R0, #0x01   ; Reseta e cursor n
                                                            a primeira posiï¿½ï
                                                            ¿½o
  268 000000E0 B500            PUSH{LR}
  269 000000E2 F7FF FFFE       BL               Display_Config
  270 000000E6 F85D EB04       POP{LR}
  271 000000EA         
  272 000000EA F04F 0002       MOV              R0, #2
  273 000000EE B501            PUSH{R0,LR}
  274 000000F0 F7FF FFFE       BL               SysTick_Wait1ms
  275 000000F4 E8BD 4001       POP{R0,LR}
  276 000000F8         
  277 000000F8 4770            BX               LR
  278 000000FA         
  279 000000FA         
  280 000000FA         Display_Config
  281 000000FA         
  282 000000FA B406            PUSH{R1,R2}
  283 000000FC 4954            LDR              R1, =GPIO_PORTK_DATA_R ;habilit
                                                            ando os dados da po
                                                            rta K
  284 000000FE         
  285 000000FE 680A            LDR              R2, [R1]
  286 00000100 F022 02FF       BIC              R2, #0xFF
  287 00000104 EA42 0200       ORR              R2, R0
  288 00000108 600A            STR              R2, [R1]
  289 0000010A         
  290 0000010A F04F 0004       MOV              R0, #2_100  ;
  291 0000010E 4951            LDR              R1, =GPIO_PORTM_DATA_R



ARM Macro Assembler    Page 10 


  292 00000110 680A            LDR              R2, [R1]
  293 00000112 F022 0207       BIC              R2, #2_111
  294 00000116 EA42 0200       ORR              R2, R0
  295 0000011A 600A            STR              R2, [R1]
  296 0000011C         
  297 0000011C F04F 0002       MOV              R0, #2
  298 00000120 B500            PUSH{LR}
  299 00000122 F7FF FFFE       BL               SysTick_Wait1ms
  300 00000126 F85D EB04       POP{LR}
  301 0000012A         
  302 0000012A F04F 0000       MOV              R0, #2_000
  303 0000012E 4949            LDR              R1, =GPIO_PORTM_DATA_R
  304 00000130         ;MOV R0, #2_100
  305 00000130 680A            LDR              R2, [R1]
  306 00000132 F022 0207       BIC              R2, #2_111
  307 00000136 EA42 0200       ORR              R2, R0
  308 0000013A 600A            STR              R2, [R1]
  309 0000013C         
  310 0000013C F04F 0002       MOV              R0, #2
  311 00000140 B500            PUSH{LR}
  312 00000142 F7FF FFFE       BL               SysTick_Wait1ms
  313 00000146 F85D EB04       POP{LR}
  314 0000014A         
  315 0000014A BC06            POP{R1,R2}
  316 0000014C 4770            BX               LR
  317 0000014E         
  318 0000014E         
  319 0000014E         Display_Clear
  320 0000014E B501            PUSH{LR,R0}
  321 00000150 F04F 0001       MOV              R0, #0x01
  322 00000154 B500            PUSH{LR}
  323 00000156 F7FF FFFE       BL               Display_Config
  324 0000015A F85D EB04       POP{LR}
  325 0000015E E8BD 4001       POP{LR,R0}
  326 00000162 4770            BX               LR
  327 00000164         
  328 00000164         
  329 00000164         Display_Write
  330 00000164 B406            PUSH{R1,R2}
  331 00000166 493A            LDR              R1, =GPIO_PORTK_DATA_R ;habilit
                                                            ando os dados da po
                                                            rta K
  332 00000168         
  333 00000168 680A            LDR              R2, [R1]
  334 0000016A F022 02FF       BIC              R2, #0xFF
  335 0000016E EA42 0200       ORR              R2, R0
  336 00000172 600A            STR              R2, [R1]
  337 00000174         
  338 00000174 F04F 0005       MOV              R0, #2_101  ;EN = 1 RW = 0 RS =
                                                             1
  339 00000178 4936            LDR              R1, =GPIO_PORTM_DATA_R
  340 0000017A 680A            LDR              R2, [R1]
  341 0000017C F022 0207       BIC              R2, #2_111
  342 00000180 EA42 0200       ORR              R2, R0
  343 00000184 600A            STR              R2, [R1]
  344 00000186         
  345 00000186 F04F 0002       MOV              R0, #2
  346 0000018A B501            PUSH{R0,LR}
  347 0000018C F7FF FFFE       BL               SysTick_Wait1ms



ARM Macro Assembler    Page 11 


  348 00000190 E8BD 4001       POP{R0,LR}
  349 00000194         
  350 00000194 F04F 0001       MOV              R0, #2_001  ;EN = 0 RW = 0 RS =
                                                             1  
  351 00000198 492E            LDR              R1, =GPIO_PORTM_DATA_R
  352 0000019A         ;MOV R0, #2_100
  353 0000019A 680A            LDR              R2, [R1]
  354 0000019C F022 0207       BIC              R2, #2_111
  355 000001A0 EA42 0200       ORR              R2, R0
  356 000001A4 600A            STR              R2, [R1]
  357 000001A6         
  358 000001A6 F04F 0002       MOV              R0, #2
  359 000001AA B501            PUSH{R0,LR}
  360 000001AC F7FF FFFE       BL               SysTick_Wait1ms
  361 000001B0 E8BD 4001       POP{R0,LR}
  362 000001B4         
  363 000001B4 BC06            POP{R1,R2}
  364 000001B6 4770            BX               LR
  365 000001B8         
  366 000001B8         
  367 000001B8         
  368 000001B8         PortL_Input
  369 000001B8 B403            PUSH{R0,R1}
  370 000001BA 4927            LDR              R1, =GPIO_PORTL_DATA_R
  371 000001BC 680A            LDR              R2,[R1]     ;pega qual tecla ta
                                                             pressionada
  372 000001BE BC03            POP{R0,R1}
  373 000001C0 4770            BX               LR
  374 000001C2         
  375 000001C2         PortM_Output                         ; Fazendo com que a
                                                             coluna que vai ser
                                                             usada receba 0 e a
                                                            s demais 1
  376 000001C2 B407            PUSH{R0,R1,R2}               ; Configura todas a
                                                            s portas que nao va
                                                            o ser usadas como s
                                                            aida
  377 000001C4 4923            LDR              R1, =GPIO_PORTM_DATA_R
  378 000001C6 F080 00FF       EOR              R0, #2_11111111
  379 000001CA 6008            STR              R0, [R1]
  380 000001CC BC07            POP{R0,R1,R2}
  381 000001CE 4770            BX               LR
  382 000001D0         
  383 000001D0         PortM_Dir                            ; Fazendo com que a
                                                             coluna que vai ser
                                                             usada receba 1 e a
                                                            s demais 0     
  384 000001D0 B407            PUSH{R0,R1,R2}               ; Configura a porta
                                                             vai ser usada como
                                                             entrada
  385 000001D2 491A            LDR              R1, =GPIO_PORTM_DIR_R
  386 000001D4 680A            LDR              R2, [R1]
  387 000001D6 F022 02F0       BIC              R2, #2_11110000
  388 000001DA EA40 0002       ORR              R0, R0, R2
  389 000001DE 6008            STR              R0, [R1]
  390 000001E0         
  391 000001E0 BC07            POP{R0,R1,R2}
  392 000001E2 4770            BX               LR
  393 000001E4         



ARM Macro Assembler    Page 12 


  394 000001E4         
  395 000001E4         EscreveTextoLCD
  396 000001E4         
  397 000001E4 F04F 0200       MOV              R2, #0
  398 000001E8 F04F 0300       MOV              R3, #0
  399 000001EC         
  400 000001EC         EscreveString
  401 000001EC 5CC5            LDRB             R5, [R0, R3]
  402 000001EE F103 0301       ADD              R3, R3, #1  ; indice do vetor q
                                                            ue vai ser lido
  403 000001F2         
  404 000001F2 2D00            CMP              R5, #0      ; Checa se acabou a
                                                             string
  405 000001F4 BF08 4770       BXEQ             LR
  406 000001F8         
  407 000001F8 2D40            CMP              R5, #0x40   ; Checa por nova li
                                                            nha, se for nao imp
                                                            rime
  408 000001FA D108            BNE              AtualizaDisplay
  409 000001FC         
  410 000001FC E7F6            B                EscreveString
  411 000001FE         
  412 000001FE         PulaSegundaLinha
  413 000001FE F04F 00C0       MOV              R0, #0xC0   ; Pula para segunda
                                                             linha
  414 00000202 B500            PUSH{LR}
  415 00000204 F7FF FFFE       BL               Display_Config
  416 00000208 F85D EB04       POP{LR}
  417 0000020C         
  418 0000020C 4770            BX               LR
  419 0000020E         
  420 0000020E         AtualizaDisplay
  421 0000020E B401            PUSH{R0}
  422 00000210 4628            MOV              R0, R5
  423 00000212 B500            PUSH{LR}
  424 00000214 F7FF FFFE       BL               Display_Write
  425 00000218 F85D EB04       POP{LR}
  426 0000021C         
  427 0000021C BC01            POP{R0}
  428 0000021E E7E5            B                EscreveString
  429 00000220         
  430 00000220         ; ------------------------------------------------------
                       -------------------------
  431 00000220         ; Funï¿½ï¿½o PortJ_Input
  432 00000220         ; Parï¿½metro de entrada: Nï¿½o tem
  433 00000220         ; Parï¿½metro de saï¿½da: R0 --> o valor da leitura
                       
              400FE608 
              400FEA08 
              40061528 
              40063528 
              4006152C 
              4006352C 
              40061400 
              40063400 
              40061420 
              40063420 
              4006151C 
              4006351C 



ARM Macro Assembler    Page 13 


              400613FC 
              400633FC 
              400623FC 
Command Line: --debug --xref --diag_suppress=9931,A1950W --cpu=Cortex-M4.fp.sp 
--depend=.\objects\lcd.d -o.\objects\lcd.o -IC:\Users\eduar\AppData\Local\Arm\P
acks\Keil\TM4C_DFP\1.1.0\Device\Include\TM4C129 --predefine="__EVAL SETA 1" --p
redefine="__UVISION_VERSION SETA 538" --predefine="TM4C1294NCPDT SETA 1" --list
=.\listings\lcd.lst lcd.s



ARM Macro Assembler    Page 1 Alphabetic symbol ordering
Relocatable symbols

.text 00000000

Symbol: .text
   Definitions
      At line 138 in file lcd.s
   Uses
      None
Comment: .text unused
AtualizaDisplay 0000020E

Symbol: AtualizaDisplay
   Definitions
      At line 420 in file lcd.s
   Uses
      At line 408 in file lcd.s
Comment: AtualizaDisplay used once
Display_Clear 0000014E

Symbol: Display_Clear
   Definitions
      At line 319 in file lcd.s
   Uses
      At line 144 in file lcd.s
Comment: Display_Clear used once
Display_Config 000000FA

Symbol: Display_Config
   Definitions
      At line 280 in file lcd.s
   Uses
      At line 143 in file lcd.s
      At line 239 in file lcd.s
      At line 249 in file lcd.s
      At line 259 in file lcd.s
      At line 269 in file lcd.s
      At line 323 in file lcd.s
      At line 415 in file lcd.s

Display_Init 00000088

Symbol: Display_Init
   Definitions
      At line 235 in file lcd.s
   Uses
      At line 142 in file lcd.s
Comment: Display_Init used once
Display_Write 00000164

Symbol: Display_Write
   Definitions
      At line 329 in file lcd.s
   Uses
      At line 141 in file lcd.s
      At line 424 in file lcd.s

EscreveString 000001EC

Symbol: EscreveString
   Definitions



ARM Macro Assembler    Page 2 Alphabetic symbol ordering
Relocatable symbols

      At line 400 in file lcd.s
   Uses
      At line 410 in file lcd.s
      At line 428 in file lcd.s

EscreveTextoLCD 000001E4

Symbol: EscreveTextoLCD
   Definitions
      At line 395 in file lcd.s
   Uses
      At line 146 in file lcd.s
Comment: EscreveTextoLCD used once
Espera_porta 00000010

Symbol: Espera_porta
   Definitions
      At line 166 in file lcd.s
   Uses
      At line 172 in file lcd.s
Comment: Espera_porta used once
LCD_GPIOinit 00000000

Symbol: LCD_GPIOinit
   Definitions
      At line 156 in file lcd.s
   Uses
      At line 145 in file lcd.s
Comment: LCD_GPIOinit used once
PortL_Input 000001B8

Symbol: PortL_Input
   Definitions
      At line 368 in file lcd.s
   Uses
      None
Comment: PortL_Input unused
PortM_Dir 000001D0

Symbol: PortM_Dir
   Definitions
      At line 383 in file lcd.s
   Uses
      None
Comment: PortM_Dir unused
PortM_Output 000001C2

Symbol: PortM_Output
   Definitions
      At line 375 in file lcd.s
   Uses
      None
Comment: PortM_Output unused
PulaSegundaLinha 000001FE

Symbol: PulaSegundaLinha
   Definitions
      At line 412 in file lcd.s
   Uses



ARM Macro Assembler    Page 3 Alphabetic symbol ordering
Relocatable symbols

      At line 147 in file lcd.s
Comment: PulaSegundaLinha used once
14 symbols



ARM Macro Assembler    Page 1 Alphabetic symbol ordering
Absolute symbols

GPIO_PORTA 00000001

Symbol: GPIO_PORTA
   Definitions
      At line 29 in file lcd.s
   Uses
      None
Comment: GPIO_PORTA unused
GPIO_PORTA_AFSEL_R 40058420

Symbol: GPIO_PORTA_AFSEL_R
   Definitions
      At line 24 in file lcd.s
   Uses
      None
Comment: GPIO_PORTA_AFSEL_R unused
GPIO_PORTA_AMSEL_R 40058528

Symbol: GPIO_PORTA_AMSEL_R
   Definitions
      At line 21 in file lcd.s
   Uses
      None
Comment: GPIO_PORTA_AMSEL_R unused
GPIO_PORTA_CR_R 40058524

Symbol: GPIO_PORTA_CR_R
   Definitions
      At line 20 in file lcd.s
   Uses
      None
Comment: GPIO_PORTA_CR_R unused
GPIO_PORTA_DATA_BITS_R 40058000

Symbol: GPIO_PORTA_DATA_BITS_R
   Definitions
      At line 28 in file lcd.s
   Uses
      None
Comment: GPIO_PORTA_DATA_BITS_R unused
GPIO_PORTA_DATA_R 400583FC

Symbol: GPIO_PORTA_DATA_R
   Definitions
      At line 27 in file lcd.s
   Uses
      None
Comment: GPIO_PORTA_DATA_R unused
GPIO_PORTA_DEN_R 4005851C

Symbol: GPIO_PORTA_DEN_R
   Definitions
      At line 25 in file lcd.s
   Uses
      None
Comment: GPIO_PORTA_DEN_R unused
GPIO_PORTA_DIR_R 40058400

Symbol: GPIO_PORTA_DIR_R



ARM Macro Assembler    Page 2 Alphabetic symbol ordering
Absolute symbols

   Definitions
      At line 23 in file lcd.s
   Uses
      None
Comment: GPIO_PORTA_DIR_R unused
GPIO_PORTA_LOCK_R 40058520

Symbol: GPIO_PORTA_LOCK_R
   Definitions
      At line 19 in file lcd.s
   Uses
      None
Comment: GPIO_PORTA_LOCK_R unused
GPIO_PORTA_PCTL_R 4005852C

Symbol: GPIO_PORTA_PCTL_R
   Definitions
      At line 22 in file lcd.s
   Uses
      None
Comment: GPIO_PORTA_PCTL_R unused
GPIO_PORTA_PUR_R 40058510

Symbol: GPIO_PORTA_PUR_R
   Definitions
      At line 26 in file lcd.s
   Uses
      None
Comment: GPIO_PORTA_PUR_R unused
GPIO_PORTJ 00000100

Symbol: GPIO_PORTJ
   Definitions
      At line 42 in file lcd.s
   Uses
      None
Comment: GPIO_PORTJ unused
GPIO_PORTJ_AFSEL_R 40060420

Symbol: GPIO_PORTJ_AFSEL_R
   Definitions
      At line 37 in file lcd.s
   Uses
      None
Comment: GPIO_PORTJ_AFSEL_R unused
GPIO_PORTJ_AHB_IBE_R 40060408

Symbol: GPIO_PORTJ_AHB_IBE_R
   Definitions
      At line 46 in file lcd.s
   Uses
      None
Comment: GPIO_PORTJ_AHB_IBE_R unused
GPIO_PORTJ_AHB_ICR_R 4006041C

Symbol: GPIO_PORTJ_AHB_ICR_R
   Definitions
      At line 48 in file lcd.s
   Uses



ARM Macro Assembler    Page 3 Alphabetic symbol ordering
Absolute symbols

      None
Comment: GPIO_PORTJ_AHB_ICR_R unused
GPIO_PORTJ_AHB_IEV_R 4006040C

Symbol: GPIO_PORTJ_AHB_IEV_R
   Definitions
      At line 47 in file lcd.s
   Uses
      None
Comment: GPIO_PORTJ_AHB_IEV_R unused
GPIO_PORTJ_AHB_IM_R 40060410

Symbol: GPIO_PORTJ_AHB_IM_R
   Definitions
      At line 44 in file lcd.s
   Uses
      None
Comment: GPIO_PORTJ_AHB_IM_R unused
GPIO_PORTJ_AHB_IS_R 40060404

Symbol: GPIO_PORTJ_AHB_IS_R
   Definitions
      At line 45 in file lcd.s
   Uses
      None
Comment: GPIO_PORTJ_AHB_IS_R unused
GPIO_PORTJ_AHB_RIS_R 40060414

Symbol: GPIO_PORTJ_AHB_RIS_R
   Definitions
      At line 49 in file lcd.s
   Uses
      None
Comment: GPIO_PORTJ_AHB_RIS_R unused
GPIO_PORTJ_AMSEL_R 40060528

Symbol: GPIO_PORTJ_AMSEL_R
   Definitions
      At line 34 in file lcd.s
   Uses
      None
Comment: GPIO_PORTJ_AMSEL_R unused
GPIO_PORTJ_CR_R 40060524

Symbol: GPIO_PORTJ_CR_R
   Definitions
      At line 33 in file lcd.s
   Uses
      None
Comment: GPIO_PORTJ_CR_R unused
GPIO_PORTJ_DATA_BITS_R 40060000

Symbol: GPIO_PORTJ_DATA_BITS_R
   Definitions
      At line 41 in file lcd.s
   Uses
      None
Comment: GPIO_PORTJ_DATA_BITS_R unused
GPIO_PORTJ_DATA_R 400603FC



ARM Macro Assembler    Page 4 Alphabetic symbol ordering
Absolute symbols


Symbol: GPIO_PORTJ_DATA_R
   Definitions
      At line 40 in file lcd.s
   Uses
      None
Comment: GPIO_PORTJ_DATA_R unused
GPIO_PORTJ_DEN_R 4006051C

Symbol: GPIO_PORTJ_DEN_R
   Definitions
      At line 38 in file lcd.s
   Uses
      None
Comment: GPIO_PORTJ_DEN_R unused
GPIO_PORTJ_DIR_R 40060400

Symbol: GPIO_PORTJ_DIR_R
   Definitions
      At line 36 in file lcd.s
   Uses
      None
Comment: GPIO_PORTJ_DIR_R unused
GPIO_PORTJ_LOCK_R 40060520

Symbol: GPIO_PORTJ_LOCK_R
   Definitions
      At line 32 in file lcd.s
   Uses
      None
Comment: GPIO_PORTJ_LOCK_R unused
GPIO_PORTJ_PCTL_R 4006052C

Symbol: GPIO_PORTJ_PCTL_R
   Definitions
      At line 35 in file lcd.s
   Uses
      None
Comment: GPIO_PORTJ_PCTL_R unused
GPIO_PORTJ_PUR_R 40060510

Symbol: GPIO_PORTJ_PUR_R
   Definitions
      At line 39 in file lcd.s
   Uses
      None
Comment: GPIO_PORTJ_PUR_R unused
GPIO_PORTK 00000200

Symbol: GPIO_PORTK
   Definitions
      At line 65 in file lcd.s
   Uses
      At line 160 in file lcd.s
      At line 168 in file lcd.s

GPIO_PORTK_AFSEL_R 40061420

Symbol: GPIO_PORTK_AFSEL_R



ARM Macro Assembler    Page 5 Alphabetic symbol ordering
Absolute symbols

   Definitions
      At line 60 in file lcd.s
   Uses
      At line 208 in file lcd.s
Comment: GPIO_PORTK_AFSEL_R used once
GPIO_PORTK_AMSEL_R 40061528

Symbol: GPIO_PORTK_AMSEL_R
   Definitions
      At line 57 in file lcd.s
   Uses
      At line 175 in file lcd.s
Comment: GPIO_PORTK_AMSEL_R used once
GPIO_PORTK_CR_R 40061524

Symbol: GPIO_PORTK_CR_R
   Definitions
      At line 56 in file lcd.s
   Uses
      None
Comment: GPIO_PORTK_CR_R unused
GPIO_PORTK_DATA_BITS_R 40061000

Symbol: GPIO_PORTK_DATA_BITS_R
   Definitions
      At line 64 in file lcd.s
   Uses
      None
Comment: GPIO_PORTK_DATA_BITS_R unused
GPIO_PORTK_DATA_R 400613FC

Symbol: GPIO_PORTK_DATA_R
   Definitions
      At line 63 in file lcd.s
   Uses
      At line 283 in file lcd.s
      At line 331 in file lcd.s

GPIO_PORTK_DEN_R 4006151C

Symbol: GPIO_PORTK_DEN_R
   Definitions
      At line 61 in file lcd.s
   Uses
      At line 219 in file lcd.s
Comment: GPIO_PORTK_DEN_R used once
GPIO_PORTK_DIR_R 40061400

Symbol: GPIO_PORTK_DIR_R
   Definitions
      At line 59 in file lcd.s
   Uses
      At line 197 in file lcd.s
Comment: GPIO_PORTK_DIR_R used once
GPIO_PORTK_LOCK_R 40061520

Symbol: GPIO_PORTK_LOCK_R
   Definitions
      At line 55 in file lcd.s



ARM Macro Assembler    Page 6 Alphabetic symbol ordering
Absolute symbols

   Uses
      None
Comment: GPIO_PORTK_LOCK_R unused
GPIO_PORTK_PCTL_R 4006152C

Symbol: GPIO_PORTK_PCTL_R
   Definitions
      At line 58 in file lcd.s
   Uses
      At line 186 in file lcd.s
Comment: GPIO_PORTK_PCTL_R used once
GPIO_PORTK_PUR_R 40061510

Symbol: GPIO_PORTK_PUR_R
   Definitions
      At line 62 in file lcd.s
   Uses
      None
Comment: GPIO_PORTK_PUR_R unused
GPIO_PORTL 00000400

Symbol: GPIO_PORTL
   Definitions
      At line 78 in file lcd.s
   Uses
      None
Comment: GPIO_PORTL unused
GPIO_PORTL_AFSEL_R 40062420

Symbol: GPIO_PORTL_AFSEL_R
   Definitions
      At line 73 in file lcd.s
   Uses
      None
Comment: GPIO_PORTL_AFSEL_R unused
GPIO_PORTL_AMSEL_R 40062528

Symbol: GPIO_PORTL_AMSEL_R
   Definitions
      At line 70 in file lcd.s
   Uses
      None
Comment: GPIO_PORTL_AMSEL_R unused
GPIO_PORTL_CR_R 40062524

Symbol: GPIO_PORTL_CR_R
   Definitions
      At line 69 in file lcd.s
   Uses
      None
Comment: GPIO_PORTL_CR_R unused
GPIO_PORTL_DATA_BITS_R 40062000

Symbol: GPIO_PORTL_DATA_BITS_R
   Definitions
      At line 77 in file lcd.s
   Uses
      None
Comment: GPIO_PORTL_DATA_BITS_R unused



ARM Macro Assembler    Page 7 Alphabetic symbol ordering
Absolute symbols

GPIO_PORTL_DATA_R 400623FC

Symbol: GPIO_PORTL_DATA_R
   Definitions
      At line 76 in file lcd.s
   Uses
      At line 370 in file lcd.s
Comment: GPIO_PORTL_DATA_R used once
GPIO_PORTL_DEN_R 4006251C

Symbol: GPIO_PORTL_DEN_R
   Definitions
      At line 74 in file lcd.s
   Uses
      None
Comment: GPIO_PORTL_DEN_R unused
GPIO_PORTL_DIR_R 40062400

Symbol: GPIO_PORTL_DIR_R
   Definitions
      At line 72 in file lcd.s
   Uses
      None
Comment: GPIO_PORTL_DIR_R unused
GPIO_PORTL_LOCK_R 40062520

Symbol: GPIO_PORTL_LOCK_R
   Definitions
      At line 68 in file lcd.s
   Uses
      None
Comment: GPIO_PORTL_LOCK_R unused
GPIO_PORTL_PCTL_R 4006252C

Symbol: GPIO_PORTL_PCTL_R
   Definitions
      At line 71 in file lcd.s
   Uses
      None
Comment: GPIO_PORTL_PCTL_R unused
GPIO_PORTL_PUR_R 40062510

Symbol: GPIO_PORTL_PUR_R
   Definitions
      At line 75 in file lcd.s
   Uses
      None
Comment: GPIO_PORTL_PUR_R unused
GPIO_PORTM 00000800

Symbol: GPIO_PORTM
   Definitions
      At line 91 in file lcd.s
   Uses
      At line 161 in file lcd.s
      At line 169 in file lcd.s

GPIO_PORTM_AFSEL_R 40063420




ARM Macro Assembler    Page 8 Alphabetic symbol ordering
Absolute symbols

Symbol: GPIO_PORTM_AFSEL_R
   Definitions
      At line 86 in file lcd.s
   Uses
      At line 213 in file lcd.s
Comment: GPIO_PORTM_AFSEL_R used once
GPIO_PORTM_AMSEL_R 40063528

Symbol: GPIO_PORTM_AMSEL_R
   Definitions
      At line 83 in file lcd.s
   Uses
      At line 180 in file lcd.s
Comment: GPIO_PORTM_AMSEL_R used once
GPIO_PORTM_CR_R 40063524

Symbol: GPIO_PORTM_CR_R
   Definitions
      At line 82 in file lcd.s
   Uses
      None
Comment: GPIO_PORTM_CR_R unused
GPIO_PORTM_DATA_BITS_R 40063000

Symbol: GPIO_PORTM_DATA_BITS_R
   Definitions
      At line 90 in file lcd.s
   Uses
      None
Comment: GPIO_PORTM_DATA_BITS_R unused
GPIO_PORTM_DATA_R 400633FC

Symbol: GPIO_PORTM_DATA_R
   Definitions
      At line 89 in file lcd.s
   Uses
      At line 291 in file lcd.s
      At line 303 in file lcd.s
      At line 339 in file lcd.s
      At line 351 in file lcd.s
      At line 377 in file lcd.s

GPIO_PORTM_DEN_R 4006351C

Symbol: GPIO_PORTM_DEN_R
   Definitions
      At line 87 in file lcd.s
   Uses
      At line 224 in file lcd.s
Comment: GPIO_PORTM_DEN_R used once
GPIO_PORTM_DIR_R 40063400

Symbol: GPIO_PORTM_DIR_R
   Definitions
      At line 85 in file lcd.s
   Uses
      At line 202 in file lcd.s
      At line 385 in file lcd.s




ARM Macro Assembler    Page 9 Alphabetic symbol ordering
Absolute symbols

GPIO_PORTM_LOCK_R 40063520

Symbol: GPIO_PORTM_LOCK_R
   Definitions
      At line 81 in file lcd.s
   Uses
      None
Comment: GPIO_PORTM_LOCK_R unused
GPIO_PORTM_PCTL_R 4006352C

Symbol: GPIO_PORTM_PCTL_R
   Definitions
      At line 84 in file lcd.s
   Uses
      At line 191 in file lcd.s
Comment: GPIO_PORTM_PCTL_R used once
GPIO_PORTM_PUR_R 40063510

Symbol: GPIO_PORTM_PUR_R
   Definitions
      At line 88 in file lcd.s
   Uses
      None
Comment: GPIO_PORTM_PUR_R unused
GPIO_PORTP 00002000

Symbol: GPIO_PORTP
   Definitions
      At line 117 in file lcd.s
   Uses
      None
Comment: GPIO_PORTP unused
GPIO_PORTP_AFSEL_R 40065420

Symbol: GPIO_PORTP_AFSEL_R
   Definitions
      At line 112 in file lcd.s
   Uses
      None
Comment: GPIO_PORTP_AFSEL_R unused
GPIO_PORTP_AMSEL_R 40065528

Symbol: GPIO_PORTP_AMSEL_R
   Definitions
      At line 109 in file lcd.s
   Uses
      None
Comment: GPIO_PORTP_AMSEL_R unused
GPIO_PORTP_CR_R 40065524

Symbol: GPIO_PORTP_CR_R
   Definitions
      At line 108 in file lcd.s
   Uses
      None
Comment: GPIO_PORTP_CR_R unused
GPIO_PORTP_DATA_BITS_R 40065000

Symbol: GPIO_PORTP_DATA_BITS_R



ARM Macro Assembler    Page 10 Alphabetic symbol ordering
Absolute symbols

   Definitions
      At line 116 in file lcd.s
   Uses
      None
Comment: GPIO_PORTP_DATA_BITS_R unused
GPIO_PORTP_DATA_R 400653FC

Symbol: GPIO_PORTP_DATA_R
   Definitions
      At line 115 in file lcd.s
   Uses
      None
Comment: GPIO_PORTP_DATA_R unused
GPIO_PORTP_DEN_R 4006551C

Symbol: GPIO_PORTP_DEN_R
   Definitions
      At line 113 in file lcd.s
   Uses
      None
Comment: GPIO_PORTP_DEN_R unused
GPIO_PORTP_DIR_R 40065400

Symbol: GPIO_PORTP_DIR_R
   Definitions
      At line 111 in file lcd.s
   Uses
      None
Comment: GPIO_PORTP_DIR_R unused
GPIO_PORTP_LOCK_R 40065520

Symbol: GPIO_PORTP_LOCK_R
   Definitions
      At line 107 in file lcd.s
   Uses
      None
Comment: GPIO_PORTP_LOCK_R unused
GPIO_PORTP_PCTL_R 4006552C

Symbol: GPIO_PORTP_PCTL_R
   Definitions
      At line 110 in file lcd.s
   Uses
      None
Comment: GPIO_PORTP_PCTL_R unused
GPIO_PORTP_PUR_R 40065510

Symbol: GPIO_PORTP_PUR_R
   Definitions
      At line 114 in file lcd.s
   Uses
      None
Comment: GPIO_PORTP_PUR_R unused
GPIO_PORTQ 00004000

Symbol: GPIO_PORTQ
   Definitions
      At line 130 in file lcd.s
   Uses



ARM Macro Assembler    Page 11 Alphabetic symbol ordering
Absolute symbols

      None
Comment: GPIO_PORTQ unused
GPIO_PORTQ_AFSEL_R 40066420

Symbol: GPIO_PORTQ_AFSEL_R
   Definitions
      At line 125 in file lcd.s
   Uses
      None
Comment: GPIO_PORTQ_AFSEL_R unused
GPIO_PORTQ_AMSEL_R 40066528

Symbol: GPIO_PORTQ_AMSEL_R
   Definitions
      At line 122 in file lcd.s
   Uses
      None
Comment: GPIO_PORTQ_AMSEL_R unused
GPIO_PORTQ_CR_R 40066524

Symbol: GPIO_PORTQ_CR_R
   Definitions
      At line 121 in file lcd.s
   Uses
      None
Comment: GPIO_PORTQ_CR_R unused
GPIO_PORTQ_DATA_BITS_R 40066000

Symbol: GPIO_PORTQ_DATA_BITS_R
   Definitions
      At line 129 in file lcd.s
   Uses
      None
Comment: GPIO_PORTQ_DATA_BITS_R unused
GPIO_PORTQ_DATA_R 400663FC

Symbol: GPIO_PORTQ_DATA_R
   Definitions
      At line 128 in file lcd.s
   Uses
      None
Comment: GPIO_PORTQ_DATA_R unused
GPIO_PORTQ_DEN_R 4006651C

Symbol: GPIO_PORTQ_DEN_R
   Definitions
      At line 126 in file lcd.s
   Uses
      None
Comment: GPIO_PORTQ_DEN_R unused
GPIO_PORTQ_DIR_R 40066400

Symbol: GPIO_PORTQ_DIR_R
   Definitions
      At line 124 in file lcd.s
   Uses
      None
Comment: GPIO_PORTQ_DIR_R unused
GPIO_PORTQ_LOCK_R 40066520



ARM Macro Assembler    Page 12 Alphabetic symbol ordering
Absolute symbols


Symbol: GPIO_PORTQ_LOCK_R
   Definitions
      At line 120 in file lcd.s
   Uses
      None
Comment: GPIO_PORTQ_LOCK_R unused
GPIO_PORTQ_PCTL_R 4006652C

Symbol: GPIO_PORTQ_PCTL_R
   Definitions
      At line 123 in file lcd.s
   Uses
      None
Comment: GPIO_PORTQ_PCTL_R unused
GPIO_PORTQ_PUR_R 40066510

Symbol: GPIO_PORTQ_PUR_R
   Definitions
      At line 127 in file lcd.s
   Uses
      None
Comment: GPIO_PORTQ_PUR_R unused
NVIC_EN1_R E000E104

Symbol: NVIC_EN1_R
   Definitions
      At line 51 in file lcd.s
   Uses
      None
Comment: NVIC_EN1_R unused
NVIC_PRI12_R E000E430

Symbol: NVIC_PRI12_R
   Definitions
      At line 52 in file lcd.s
   Uses
      None
Comment: NVIC_PRI12_R unused
SYSCTL_PRGPIO_R 400FEA08

Symbol: SYSCTL_PRGPIO_R
   Definitions
      At line 15 in file lcd.s
   Uses
      At line 165 in file lcd.s
Comment: SYSCTL_PRGPIO_R used once
SYSCTL_RCGCGPIO_R 400FE608

Symbol: SYSCTL_RCGCGPIO_R
   Definitions
      At line 14 in file lcd.s
   Uses
      At line 158 in file lcd.s
Comment: SYSCTL_RCGCGPIO_R used once
87 symbols



ARM Macro Assembler    Page 1 Alphabetic symbol ordering
External symbols

SysTick_Wait1ms 00000000

Symbol: SysTick_Wait1ms
   Definitions
      At line 149 in file lcd.s
   Uses
      At line 274 in file lcd.s
      At line 299 in file lcd.s
      At line 312 in file lcd.s
      At line 347 in file lcd.s
      At line 360 in file lcd.s

SysTick_Wait1us 00000000

Symbol: SysTick_Wait1us
   Definitions
      At line 150 in file lcd.s
   Uses
      At line 244 in file lcd.s
      At line 254 in file lcd.s
      At line 264 in file lcd.s

2 symbols
439 symbols in table
